22:54:20 DEBUG : Logs will be stored at 'C:/Users/nlitz88/workspace/IDE.log'.
22:54:27 INFO  : Launching XSCT server: xsct.bat -n  -interactive C:\Users\nlitz88\workspace\temp_xsdb_launch_script.tcl
22:54:27 INFO  : Registering command handlers for Vitis TCF services
22:54:29 INFO  : Platform repository initialization has completed.
22:54:33 INFO  : XSCT server has started successfully.
22:54:36 INFO  : plnx-install-location is set to ''
22:54:36 INFO  : Successfully done setting XSCT server connection channel  
22:54:36 INFO  : Successfully done query RDI_DATADIR 
22:54:36 INFO  : Successfully done setting workspace for the tool. 
22:59:05 INFO  : Result from executing command 'getProjects': zed
22:59:05 INFO  : Result from executing command 'getPlatforms': xilinx_vck190_base_202220_1|C:/Xilinx/Vitis/2022.2/base_platforms/xilinx_vck190_base_202220_1/xilinx_vck190_base_202220_1.xpfm;xilinx_vck190_base_dfx_202220_1|C:/Xilinx/Vitis/2022.2/base_platforms/xilinx_vck190_base_dfx_202220_1/xilinx_vck190_base_dfx_202220_1.xpfm;xilinx_vmk180_base_202220_1|C:/Xilinx/Vitis/2022.2/base_platforms/xilinx_vmk180_base_202220_1/xilinx_vmk180_base_202220_1.xpfm;xilinx_zcu102_base_202220_1|C:/Xilinx/Vitis/2022.2/base_platforms/xilinx_zcu102_base_202220_1/xilinx_zcu102_base_202220_1.xpfm;xilinx_zcu102_base_dfx_202220_1|C:/Xilinx/Vitis/2022.2/base_platforms/xilinx_zcu102_base_dfx_202220_1/xilinx_zcu102_base_dfx_202220_1.xpfm;xilinx_zcu104_base_202220_1|C:/Xilinx/Vitis/2022.2/base_platforms/xilinx_zcu104_base_202220_1/xilinx_zcu104_base_202220_1.xpfm
22:59:06 WARN  : An unexpected exception occurred in the module 'platform project logging'
22:59:07 INFO  : Platform 'zed' is added to custom repositories.
22:59:22 INFO  : Platform 'zed' is added to custom repositories.
23:03:25 INFO  : Result from executing command 'getProjects': design_1_wrapper;zed
23:03:25 INFO  : Result from executing command 'getPlatforms': xilinx_vck190_base_202220_1|C:/Xilinx/Vitis/2022.2/base_platforms/xilinx_vck190_base_202220_1/xilinx_vck190_base_202220_1.xpfm;xilinx_vck190_base_dfx_202220_1|C:/Xilinx/Vitis/2022.2/base_platforms/xilinx_vck190_base_dfx_202220_1/xilinx_vck190_base_dfx_202220_1.xpfm;xilinx_vmk180_base_202220_1|C:/Xilinx/Vitis/2022.2/base_platforms/xilinx_vmk180_base_202220_1/xilinx_vmk180_base_202220_1.xpfm;xilinx_zcu102_base_202220_1|C:/Xilinx/Vitis/2022.2/base_platforms/xilinx_zcu102_base_202220_1/xilinx_zcu102_base_202220_1.xpfm;xilinx_zcu102_base_dfx_202220_1|C:/Xilinx/Vitis/2022.2/base_platforms/xilinx_zcu102_base_dfx_202220_1/xilinx_zcu102_base_dfx_202220_1.xpfm;xilinx_zcu104_base_202220_1|C:/Xilinx/Vitis/2022.2/base_platforms/xilinx_zcu104_base_202220_1/xilinx_zcu104_base_202220_1.xpfm;zed|C:/Users/nlitz88/workspace/zed/export/zed/zed.xpfm
23:03:27 INFO  : Platform 'design_1_wrapper' is added to custom repositories.
23:03:40 INFO  : Platform 'design_1_wrapper' is added to custom repositories.
23:08:50 INFO  : No changes in MSS file content so sources will not be generated.
23:09:18 INFO  : No changes in MSS file content so sources will not be generated.
00:13:24 INFO  : Checking for BSP changes to sync application flags for project 'lab3_part3_design1'...
00:13:24 INFO  : Result from executing command 'getProjects': RemoteSystemsTempFiles;design_1_wrapper;lab3_part3;lab3_part3_design1;lab3_part3_design1_system;lab3_part3_system;zed
00:13:24 WARN  : Failed to closehw "C:/Users/nlitz88/workspace/design_1_wrapper/export/design_1_wrapper/hw/design_1_wrapper.xsa"
Reason: C:/Users/nlitz88/workspace/design_1_wrapper/export/design_1_wrapper/hw/design_1_wrapper.xsa is not available in the current workspace
use 'getprojects' command to see list of available projects in current workspace
00:13:24 INFO  : Result from executing command 'getProjects': RemoteSystemsTempFiles;design_1_wrapper;lab3_part3;lab3_part3_design1;lab3_part3_design1_system;lab3_part3_system;zed
00:13:24 ERROR : Failed to openhw "C:/Users/nlitz88/workspace/design_1_wrapper/export/design_1_wrapper/hw/design_1_wrapper.xsa"
Reason: C:/Users/nlitz88/workspace/design_1_wrapper/export/design_1_wrapper/hw/design_1_wrapper.xsa is not available in the current workspace
use 'getprojects' command to see list of available projects in current workspace
00:13:24 ERROR : Failed to update application flags from BSP for 'lab3_part3_design1'. Reason: null
java.lang.NullPointerException: null
	at com.xilinx.sdx.sw.internal.SDxSwPlatform.<init>(SDxSwPlatform.java:305) ~[com.xilinx.sdx.sw_1.0.0.202210132147.jar:?]
	at com.xilinx.sdx.sw.internal.SDxSwPlatform.create(SDxSwPlatform.java:214) ~[com.xilinx.sdx.sw_1.0.0.202210132147.jar:?]
	at com.xilinx.sdx.sdk.core.util.SdkPlatformHelper.getSwPlatform(SdkPlatformHelper.java:64) ~[com.xilinx.sdx.sdk.core_1.0.0.202210132147.jar:?]
	at com.xilinx.sdx.sdk.core.build.SdkMakefileGenerationListener.getSwPlatform(SdkMakefileGenerationListener.java:160) ~[com.xilinx.sdx.sdk.core_1.0.0.202210132147.jar:?]
	at com.xilinx.sdx.sdk.core.build.SdkMakefileGenerationListener.syncAppFlags(SdkMakefileGenerationListener.java:78) [com.xilinx.sdx.sdk.core_1.0.0.202210132147.jar:?]
	at com.xilinx.sdx.sdk.core.build.SdkMakefileGenerationListener.preMakefileGeneration(SdkMakefileGenerationListener.java:48) [com.xilinx.sdx.sdk.core_1.0.0.202210132147.jar:?]
	at com.xilinx.sdk.managedbuilder.XilinxGnuMakefileGenerator.notifyPreMakefileGenerationListeners(XilinxGnuMakefileGenerator.java:91) [com.xilinx.sdk.managedbuilder_1.0.0.202210132147.jar:?]
	at com.xilinx.sdk.managedbuilder.XilinxGnuMakefileGenerator.regenerateMakefiles(XilinxGnuMakefileGenerator.java:75) [com.xilinx.sdk.managedbuilder_1.0.0.202210132147.jar:?]
	at org.eclipse.cdt.managedbuilder.internal.core.CommonBuilder.performMakefileGeneration(CommonBuilder.java:1006) [org.eclipse.cdt.managedbuilder.core_8.6.0.201802261533.jar:?]
	at org.eclipse.cdt.managedbuilder.internal.core.CommonBuilder.performPrebuildGeneration(CommonBuilder.java:873) [org.eclipse.cdt.managedbuilder.core_8.6.0.201802261533.jar:?]
	at org.eclipse.cdt.managedbuilder.internal.core.CommonBuilder.build(CommonBuilder.java:748) [org.eclipse.cdt.managedbuilder.core_8.6.0.201802261533.jar:?]
	at org.eclipse.cdt.managedbuilder.internal.core.CommonBuilder.build(CommonBuilder.java:513) [org.eclipse.cdt.managedbuilder.core_8.6.0.201802261533.jar:?]
	at org.eclipse.cdt.managedbuilder.internal.core.CommonBuilder.build(CommonBuilder.java:459) [org.eclipse.cdt.managedbuilder.core_8.6.0.201802261533.jar:?]
	at org.eclipse.core.internal.events.BuildManager$2.run(BuildManager.java:832) [org.eclipse.core.resources_3.13.700.v20200209-1624.jar:?]
	at org.eclipse.core.runtime.SafeRunner.run(SafeRunner.java:45) [org.eclipse.equinox.common_3.11.0.v20200206-0817.jar:?]
	at org.eclipse.core.internal.events.BuildManager.basicBuild(BuildManager.java:220) [org.eclipse.core.resources_3.13.700.v20200209-1624.jar:?]
	at org.eclipse.core.internal.events.BuildManager.basicBuild(BuildManager.java:263) [org.eclipse.core.resources_3.13.700.v20200209-1624.jar:?]
	at org.eclipse.core.internal.events.BuildManager$1.run(BuildManager.java:316) [org.eclipse.core.resources_3.13.700.v20200209-1624.jar:?]
	at org.eclipse.core.runtime.SafeRunner.run(SafeRunner.java:45) [org.eclipse.equinox.common_3.11.0.v20200206-0817.jar:?]
	at org.eclipse.core.internal.events.BuildManager.basicBuild(BuildManager.java:319) [org.eclipse.core.resources_3.13.700.v20200209-1624.jar:?]
	at org.eclipse.core.internal.events.BuildManager.basicBuildLoop(BuildManager.java:371) [org.eclipse.core.resources_3.13.700.v20200209-1624.jar:?]
	at org.eclipse.core.internal.events.BuildManager.build(BuildManager.java:392) [org.eclipse.core.resources_3.13.700.v20200209-1624.jar:?]
	at org.eclipse.core.internal.resources.Workspace.buildInternal(Workspace.java:515) [org.eclipse.core.resources_3.13.700.v20200209-1624.jar:?]
	at org.eclipse.core.internal.resources.Workspace.build(Workspace.java:412) [org.eclipse.core.resources_3.13.700.v20200209-1624.jar:?]
	at org.eclipse.ui.actions.BuildAction$1.runInWorkspace(BuildAction.java:291) [org.eclipse.ui.ide_3.17.0.v20200217-1511.jar:?]
	at org.eclipse.core.internal.resources.InternalWorkspaceJob.run(InternalWorkspaceJob.java:42) [org.eclipse.core.resources_3.13.700.v20200209-1624.jar:?]
	at org.eclipse.core.internal.jobs.Worker.run(Worker.java:63) [org.eclipse.core.jobs_3.10.700.v20200106-1020.jar:?]
00:14:21 INFO  : Checking for BSP changes to sync application flags for project 'lab3_part3_design1'...
00:14:21 INFO  : Result from executing command 'getProjects': RemoteSystemsTempFiles;design_1_wrapper;lab3_part3;lab3_part3_design1;lab3_part3_design1_system;lab3_part3_system;zed
00:14:21 ERROR : Failed to openhw "C:/Users/nlitz88/workspace/design_1_wrapper/export/design_1_wrapper/hw/design_1_wrapper.xsa"
Reason: C:/Users/nlitz88/workspace/design_1_wrapper/export/design_1_wrapper/hw/design_1_wrapper.xsa is not available in the current workspace
use 'getprojects' command to see list of available projects in current workspace
00:14:21 ERROR : Failed to update application flags from BSP for 'lab3_part3_design1'. Reason: null
java.lang.NullPointerException: null
	at com.xilinx.sdx.sw.internal.SDxSwPlatform.<init>(SDxSwPlatform.java:305) ~[com.xilinx.sdx.sw_1.0.0.202210132147.jar:?]
	at com.xilinx.sdx.sw.internal.SDxSwPlatform.create(SDxSwPlatform.java:214) ~[com.xilinx.sdx.sw_1.0.0.202210132147.jar:?]
	at com.xilinx.sdx.sdk.core.util.SdkPlatformHelper.getSwPlatform(SdkPlatformHelper.java:64) ~[com.xilinx.sdx.sdk.core_1.0.0.202210132147.jar:?]
	at com.xilinx.sdx.sdk.core.build.SdkMakefileGenerationListener.getSwPlatform(SdkMakefileGenerationListener.java:160) ~[com.xilinx.sdx.sdk.core_1.0.0.202210132147.jar:?]
	at com.xilinx.sdx.sdk.core.build.SdkMakefileGenerationListener.syncAppFlags(SdkMakefileGenerationListener.java:78) [com.xilinx.sdx.sdk.core_1.0.0.202210132147.jar:?]
	at com.xilinx.sdx.sdk.core.build.SdkMakefileGenerationListener.preMakefileGeneration(SdkMakefileGenerationListener.java:48) [com.xilinx.sdx.sdk.core_1.0.0.202210132147.jar:?]
	at com.xilinx.sdk.managedbuilder.XilinxGnuMakefileGenerator.notifyPreMakefileGenerationListeners(XilinxGnuMakefileGenerator.java:91) [com.xilinx.sdk.managedbuilder_1.0.0.202210132147.jar:?]
	at com.xilinx.sdk.managedbuilder.XilinxGnuMakefileGenerator.generateMakefiles(XilinxGnuMakefileGenerator.java:40) [com.xilinx.sdk.managedbuilder_1.0.0.202210132147.jar:?]
	at org.eclipse.cdt.managedbuilder.internal.core.CommonBuilder.performMakefileGeneration(CommonBuilder.java:1008) [org.eclipse.cdt.managedbuilder.core_8.6.0.201802261533.jar:?]
	at org.eclipse.cdt.managedbuilder.internal.core.CommonBuilder.performPrebuildGeneration(CommonBuilder.java:873) [org.eclipse.cdt.managedbuilder.core_8.6.0.201802261533.jar:?]
	at org.eclipse.cdt.managedbuilder.internal.core.CommonBuilder.build(CommonBuilder.java:748) [org.eclipse.cdt.managedbuilder.core_8.6.0.201802261533.jar:?]
	at org.eclipse.cdt.managedbuilder.internal.core.CommonBuilder.build(CommonBuilder.java:510) [org.eclipse.cdt.managedbuilder.core_8.6.0.201802261533.jar:?]
	at org.eclipse.cdt.managedbuilder.internal.core.CommonBuilder.build(CommonBuilder.java:459) [org.eclipse.cdt.managedbuilder.core_8.6.0.201802261533.jar:?]
	at org.eclipse.core.internal.events.BuildManager$2.run(BuildManager.java:832) [org.eclipse.core.resources_3.13.700.v20200209-1624.jar:?]
	at org.eclipse.core.runtime.SafeRunner.run(SafeRunner.java:45) [org.eclipse.equinox.common_3.11.0.v20200206-0817.jar:?]
	at org.eclipse.core.internal.events.BuildManager.basicBuild(BuildManager.java:220) [org.eclipse.core.resources_3.13.700.v20200209-1624.jar:?]
	at org.eclipse.core.internal.events.BuildManager.basicBuild(BuildManager.java:263) [org.eclipse.core.resources_3.13.700.v20200209-1624.jar:?]
	at org.eclipse.core.internal.events.BuildManager$1.run(BuildManager.java:316) [org.eclipse.core.resources_3.13.700.v20200209-1624.jar:?]
	at org.eclipse.core.runtime.SafeRunner.run(SafeRunner.java:45) [org.eclipse.equinox.common_3.11.0.v20200206-0817.jar:?]
	at org.eclipse.core.internal.events.BuildManager.basicBuild(BuildManager.java:319) [org.eclipse.core.resources_3.13.700.v20200209-1624.jar:?]
	at org.eclipse.core.internal.events.BuildManager.basicBuildLoop(BuildManager.java:371) [org.eclipse.core.resources_3.13.700.v20200209-1624.jar:?]
	at org.eclipse.core.internal.events.BuildManager.build(BuildManager.java:392) [org.eclipse.core.resources_3.13.700.v20200209-1624.jar:?]
	at org.eclipse.core.internal.resources.Workspace.buildInternal(Workspace.java:515) [org.eclipse.core.resources_3.13.700.v20200209-1624.jar:?]
	at org.eclipse.core.internal.resources.Workspace.build(Workspace.java:412) [org.eclipse.core.resources_3.13.700.v20200209-1624.jar:?]
	at org.eclipse.ui.actions.BuildAction$1.runInWorkspace(BuildAction.java:291) [org.eclipse.ui.ide_3.17.0.v20200217-1511.jar:?]
	at org.eclipse.core.internal.resources.InternalWorkspaceJob.run(InternalWorkspaceJob.java:42) [org.eclipse.core.resources_3.13.700.v20200209-1624.jar:?]
	at org.eclipse.core.internal.jobs.Worker.run(Worker.java:63) [org.eclipse.core.jobs_3.10.700.v20200106-1020.jar:?]
00:14:37 INFO  : Checking for BSP changes to sync application flags for project 'lab3_part3_design1'...
00:14:37 INFO  : Result from executing command 'getProjects': RemoteSystemsTempFiles;design_1_wrapper;lab3_part3;lab3_part3_design1;lab3_part3_design1_system;lab3_part3_system;zed
00:14:37 ERROR : Failed to openhw "C:/Users/nlitz88/workspace/design_1_wrapper/export/design_1_wrapper/hw/design_1_wrapper.xsa"
Reason: C:/Users/nlitz88/workspace/design_1_wrapper/export/design_1_wrapper/hw/design_1_wrapper.xsa is not available in the current workspace
use 'getprojects' command to see list of available projects in current workspace
00:14:37 ERROR : Failed to update application flags from BSP for 'lab3_part3_design1'. Reason: null
java.lang.NullPointerException: null
	at com.xilinx.sdx.sw.internal.SDxSwPlatform.<init>(SDxSwPlatform.java:305) ~[com.xilinx.sdx.sw_1.0.0.202210132147.jar:?]
	at com.xilinx.sdx.sw.internal.SDxSwPlatform.create(SDxSwPlatform.java:214) ~[com.xilinx.sdx.sw_1.0.0.202210132147.jar:?]
	at com.xilinx.sdx.sdk.core.util.SdkPlatformHelper.getSwPlatform(SdkPlatformHelper.java:64) ~[com.xilinx.sdx.sdk.core_1.0.0.202210132147.jar:?]
	at com.xilinx.sdx.sdk.core.build.SdkMakefileGenerationListener.getSwPlatform(SdkMakefileGenerationListener.java:160) ~[com.xilinx.sdx.sdk.core_1.0.0.202210132147.jar:?]
	at com.xilinx.sdx.sdk.core.build.SdkMakefileGenerationListener.syncAppFlags(SdkMakefileGenerationListener.java:78) [com.xilinx.sdx.sdk.core_1.0.0.202210132147.jar:?]
	at com.xilinx.sdx.sdk.core.build.SdkMakefileGenerationListener.preMakefileGeneration(SdkMakefileGenerationListener.java:48) [com.xilinx.sdx.sdk.core_1.0.0.202210132147.jar:?]
	at com.xilinx.sdk.managedbuilder.XilinxGnuMakefileGenerator.notifyPreMakefileGenerationListeners(XilinxGnuMakefileGenerator.java:91) [com.xilinx.sdk.managedbuilder_1.0.0.202210132147.jar:?]
	at com.xilinx.sdk.managedbuilder.XilinxGnuMakefileGenerator.generateMakefiles(XilinxGnuMakefileGenerator.java:40) [com.xilinx.sdk.managedbuilder_1.0.0.202210132147.jar:?]
	at org.eclipse.cdt.managedbuilder.internal.core.CommonBuilder.performMakefileGeneration(CommonBuilder.java:1008) [org.eclipse.cdt.managedbuilder.core_8.6.0.201802261533.jar:?]
	at org.eclipse.cdt.managedbuilder.internal.core.CommonBuilder.performPrebuildGeneration(CommonBuilder.java:873) [org.eclipse.cdt.managedbuilder.core_8.6.0.201802261533.jar:?]
	at org.eclipse.cdt.managedbuilder.internal.core.CommonBuilder.build(CommonBuilder.java:748) [org.eclipse.cdt.managedbuilder.core_8.6.0.201802261533.jar:?]
	at org.eclipse.cdt.managedbuilder.internal.core.CommonBuilder.build(CommonBuilder.java:510) [org.eclipse.cdt.managedbuilder.core_8.6.0.201802261533.jar:?]
	at org.eclipse.cdt.managedbuilder.internal.core.CommonBuilder.build(CommonBuilder.java:459) [org.eclipse.cdt.managedbuilder.core_8.6.0.201802261533.jar:?]
	at org.eclipse.core.internal.events.BuildManager$2.run(BuildManager.java:832) [org.eclipse.core.resources_3.13.700.v20200209-1624.jar:?]
	at org.eclipse.core.runtime.SafeRunner.run(SafeRunner.java:45) [org.eclipse.equinox.common_3.11.0.v20200206-0817.jar:?]
	at org.eclipse.core.internal.events.BuildManager.basicBuild(BuildManager.java:220) [org.eclipse.core.resources_3.13.700.v20200209-1624.jar:?]
	at org.eclipse.core.internal.events.BuildManager.basicBuild(BuildManager.java:263) [org.eclipse.core.resources_3.13.700.v20200209-1624.jar:?]
	at org.eclipse.core.internal.events.BuildManager$1.run(BuildManager.java:316) [org.eclipse.core.resources_3.13.700.v20200209-1624.jar:?]
	at org.eclipse.core.runtime.SafeRunner.run(SafeRunner.java:45) [org.eclipse.equinox.common_3.11.0.v20200206-0817.jar:?]
	at org.eclipse.core.internal.events.BuildManager.basicBuild(BuildManager.java:319) [org.eclipse.core.resources_3.13.700.v20200209-1624.jar:?]
	at org.eclipse.core.internal.events.BuildManager.basicBuildLoop(BuildManager.java:371) [org.eclipse.core.resources_3.13.700.v20200209-1624.jar:?]
	at org.eclipse.core.internal.events.BuildManager.build(BuildManager.java:392) [org.eclipse.core.resources_3.13.700.v20200209-1624.jar:?]
	at org.eclipse.core.internal.resources.Workspace.buildInternal(Workspace.java:515) [org.eclipse.core.resources_3.13.700.v20200209-1624.jar:?]
	at org.eclipse.core.internal.resources.Workspace.build(Workspace.java:412) [org.eclipse.core.resources_3.13.700.v20200209-1624.jar:?]
	at org.eclipse.ui.actions.BuildAction$1.runInWorkspace(BuildAction.java:291) [org.eclipse.ui.ide_3.17.0.v20200217-1511.jar:?]
	at org.eclipse.core.internal.resources.InternalWorkspaceJob.run(InternalWorkspaceJob.java:42) [org.eclipse.core.resources_3.13.700.v20200209-1624.jar:?]
	at org.eclipse.core.internal.jobs.Worker.run(Worker.java:63) [org.eclipse.core.jobs_3.10.700.v20200106-1020.jar:?]
00:14:56 INFO  : Checking for BSP changes to sync application flags for project 'lab3_part3_design1'...
00:14:56 INFO  : Result from executing command 'getProjects': RemoteSystemsTempFiles;design_1_wrapper;lab3_part3;lab3_part3_design1;lab3_part3_design1_system;lab3_part3_system;zed
00:14:56 ERROR : Failed to openhw "C:/Users/nlitz88/workspace/design_1_wrapper/export/design_1_wrapper/hw/design_1_wrapper.xsa"
Reason: C:/Users/nlitz88/workspace/design_1_wrapper/export/design_1_wrapper/hw/design_1_wrapper.xsa is not available in the current workspace
use 'getprojects' command to see list of available projects in current workspace
00:14:56 ERROR : Failed to update application flags from BSP for 'lab3_part3_design1'. Reason: null
java.lang.NullPointerException: null
	at com.xilinx.sdx.sw.internal.SDxSwPlatform.<init>(SDxSwPlatform.java:305) ~[com.xilinx.sdx.sw_1.0.0.202210132147.jar:?]
	at com.xilinx.sdx.sw.internal.SDxSwPlatform.create(SDxSwPlatform.java:214) ~[com.xilinx.sdx.sw_1.0.0.202210132147.jar:?]
	at com.xilinx.sdx.sdk.core.util.SdkPlatformHelper.getSwPlatform(SdkPlatformHelper.java:64) ~[com.xilinx.sdx.sdk.core_1.0.0.202210132147.jar:?]
	at com.xilinx.sdx.sdk.core.build.SdkMakefileGenerationListener.getSwPlatform(SdkMakefileGenerationListener.java:160) ~[com.xilinx.sdx.sdk.core_1.0.0.202210132147.jar:?]
	at com.xilinx.sdx.sdk.core.build.SdkMakefileGenerationListener.syncAppFlags(SdkMakefileGenerationListener.java:78) [com.xilinx.sdx.sdk.core_1.0.0.202210132147.jar:?]
	at com.xilinx.sdx.sdk.core.build.SdkMakefileGenerationListener.preMakefileGeneration(SdkMakefileGenerationListener.java:48) [com.xilinx.sdx.sdk.core_1.0.0.202210132147.jar:?]
	at com.xilinx.sdk.managedbuilder.XilinxGnuMakefileGenerator.notifyPreMakefileGenerationListeners(XilinxGnuMakefileGenerator.java:91) [com.xilinx.sdk.managedbuilder_1.0.0.202210132147.jar:?]
	at com.xilinx.sdk.managedbuilder.XilinxGnuMakefileGenerator.generateMakefiles(XilinxGnuMakefileGenerator.java:40) [com.xilinx.sdk.managedbuilder_1.0.0.202210132147.jar:?]
	at org.eclipse.cdt.managedbuilder.internal.core.CommonBuilder.performMakefileGeneration(CommonBuilder.java:1008) [org.eclipse.cdt.managedbuilder.core_8.6.0.201802261533.jar:?]
	at org.eclipse.cdt.managedbuilder.internal.core.CommonBuilder.performPrebuildGeneration(CommonBuilder.java:873) [org.eclipse.cdt.managedbuilder.core_8.6.0.201802261533.jar:?]
	at org.eclipse.cdt.managedbuilder.internal.core.CommonBuilder.build(CommonBuilder.java:748) [org.eclipse.cdt.managedbuilder.core_8.6.0.201802261533.jar:?]
	at org.eclipse.cdt.managedbuilder.internal.core.CommonBuilder.build(CommonBuilder.java:510) [org.eclipse.cdt.managedbuilder.core_8.6.0.201802261533.jar:?]
	at org.eclipse.cdt.managedbuilder.internal.core.CommonBuilder.build(CommonBuilder.java:459) [org.eclipse.cdt.managedbuilder.core_8.6.0.201802261533.jar:?]
	at org.eclipse.core.internal.events.BuildManager$2.run(BuildManager.java:832) [org.eclipse.core.resources_3.13.700.v20200209-1624.jar:?]
	at org.eclipse.core.runtime.SafeRunner.run(SafeRunner.java:45) [org.eclipse.equinox.common_3.11.0.v20200206-0817.jar:?]
	at org.eclipse.core.internal.events.BuildManager.basicBuild(BuildManager.java:220) [org.eclipse.core.resources_3.13.700.v20200209-1624.jar:?]
	at org.eclipse.core.internal.events.BuildManager.basicBuild(BuildManager.java:263) [org.eclipse.core.resources_3.13.700.v20200209-1624.jar:?]
	at org.eclipse.core.internal.events.BuildManager$1.run(BuildManager.java:316) [org.eclipse.core.resources_3.13.700.v20200209-1624.jar:?]
	at org.eclipse.core.runtime.SafeRunner.run(SafeRunner.java:45) [org.eclipse.equinox.common_3.11.0.v20200206-0817.jar:?]
	at org.eclipse.core.internal.events.BuildManager.basicBuild(BuildManager.java:319) [org.eclipse.core.resources_3.13.700.v20200209-1624.jar:?]
	at org.eclipse.core.internal.events.BuildManager.basicBuildLoop(BuildManager.java:371) [org.eclipse.core.resources_3.13.700.v20200209-1624.jar:?]
	at org.eclipse.core.internal.events.BuildManager.build(BuildManager.java:392) [org.eclipse.core.resources_3.13.700.v20200209-1624.jar:?]
	at org.eclipse.core.internal.resources.Workspace.buildInternal(Workspace.java:515) [org.eclipse.core.resources_3.13.700.v20200209-1624.jar:?]
	at org.eclipse.core.internal.resources.Workspace.build(Workspace.java:412) [org.eclipse.core.resources_3.13.700.v20200209-1624.jar:?]
	at org.eclipse.ui.actions.BuildAction$1.runInWorkspace(BuildAction.java:291) [org.eclipse.ui.ide_3.17.0.v20200217-1511.jar:?]
	at org.eclipse.core.internal.resources.InternalWorkspaceJob.run(InternalWorkspaceJob.java:42) [org.eclipse.core.resources_3.13.700.v20200209-1624.jar:?]
	at org.eclipse.core.internal.jobs.Worker.run(Worker.java:63) [org.eclipse.core.jobs_3.10.700.v20200106-1020.jar:?]
00:16:29 INFO  : Result from executing command 'getProjects': design_1_wrapper;zed
00:16:29 INFO  : Result from executing command 'getPlatforms': design_1_wrapper|C:/Users/nlitz88/workspace/design_1_wrapper/export/design_1_wrapper/design_1_wrapper.xpfm;xilinx_vck190_base_202220_1|C:/Xilinx/Vitis/2022.2/base_platforms/xilinx_vck190_base_202220_1/xilinx_vck190_base_202220_1.xpfm;xilinx_vck190_base_dfx_202220_1|C:/Xilinx/Vitis/2022.2/base_platforms/xilinx_vck190_base_dfx_202220_1/xilinx_vck190_base_dfx_202220_1.xpfm;xilinx_vmk180_base_202220_1|C:/Xilinx/Vitis/2022.2/base_platforms/xilinx_vmk180_base_202220_1/xilinx_vmk180_base_202220_1.xpfm;xilinx_zcu102_base_202220_1|C:/Xilinx/Vitis/2022.2/base_platforms/xilinx_zcu102_base_202220_1/xilinx_zcu102_base_202220_1.xpfm;xilinx_zcu102_base_dfx_202220_1|C:/Xilinx/Vitis/2022.2/base_platforms/xilinx_zcu102_base_dfx_202220_1/xilinx_zcu102_base_dfx_202220_1.xpfm;xilinx_zcu104_base_202220_1|C:/Xilinx/Vitis/2022.2/base_platforms/xilinx_zcu104_base_202220_1/xilinx_zcu104_base_202220_1.xpfm;zed|C:/Users/nlitz88/workspace/zed/export/zed/zed.xpfm
00:16:31 INFO  : Checking for BSP changes to sync application flags for project 'lab3_part3'...
00:17:18 INFO  : Checking for BSP changes to sync application flags for project 'lab3_part3_design1'...
00:17:18 ERROR : Failed to get platform details for the project 'lab3_part3_design1'. Cannot sync application flags.
00:20:34 INFO  : Checking for BSP changes to sync application flags for project 'lab3_part3_design1'...
00:20:34 ERROR : Failed to get platform details for the project 'lab3_part3_design1'. Cannot sync application flags.
00:29:47 INFO  : Checking for BSP changes to sync application flags for project 'lab3_part3'...
21:43:32 DEBUG : Logs will be stored at 'C:/Users/nlitz88/workspace/IDE.log'.
21:43:33 INFO  : Launching XSCT server: xsct.bat -n  -interactive C:\Users\nlitz88\workspace\temp_xsdb_launch_script.tcl
21:43:41 INFO  : XSCT server has started successfully.
21:43:41 INFO  : plnx-install-location is set to ''
21:43:41 INFO  : Successfully done setting XSCT server connection channel  
21:43:41 INFO  : Successfully done setting workspace for the tool. 
21:43:43 INFO  : Registering command handlers for Vitis TCF services
21:43:45 INFO  : Platform repository initialization has completed.
21:43:48 INFO  : Successfully done query RDI_DATADIR 
21:44:16 INFO  : Checking for BSP changes to sync application flags for project 'lab3_part3'...
21:44:52 INFO  : Checking for BSP changes to sync application flags for project 'lab3_part3_design1'...
21:44:52 ERROR : Failed to get platform details for the project 'lab3_part3_design1'. Cannot sync application flags.
21:45:09 INFO  : Checking for BSP changes to sync application flags for project 'lab3_part3'...
21:45:43 INFO  : Checking for BSP changes to sync application flags for project 'lab3_part3'...
21:49:09 INFO  : Checking for BSP changes to sync application flags for project 'lab3_part3'...
21:49:52 INFO  : Checking for BSP changes to sync application flags for project 'lab3_part3'...
21:50:19 INFO  : Checking for BSP changes to sync application flags for project 'lab3_part3'...
21:51:54 INFO  : Checking for BSP changes to sync application flags for project 'lab3_part3'...
21:53:42 INFO  : Checking for BSP changes to sync application flags for project 'lab3_part3'...
21:53:55 INFO  : Checking for BSP changes to sync application flags for project 'lab3_part3'...
21:54:03 INFO  : Checking for BSP changes to sync application flags for project 'lab3_part3'...
21:54:20 INFO  : Checking for BSP changes to sync application flags for project 'lab3_part3'...
22:03:57 INFO  : Connected to target on host '127.0.0.1' and port '3121'.
22:03:58 INFO  : 'targets -set -filter {jtag_cable_name =~ "Digilent Zed 210248782930" && level==0 && jtag_device_ctx=="jsn-Zed-210248782930-23727093-0"}' command is executed.
22:04:01 INFO  : Device configured successfully with "C:/Users/nlitz88/workspace/lab3_part3_design1/_ide/bitstream/design_1_wrapper.bit"
22:13:54 INFO  : Connected to target on host '127.0.0.1' and port '3121'.
22:13:55 INFO  : Jtag cable 'Digilent Zed 210248782930' is selected.
22:13:55 INFO  : 'jtag frequency' command is executed.
22:13:55 INFO  : Context for 'APU' is selected.
22:13:55 INFO  : System reset is completed.
22:13:58 INFO  : 'after 3000' command is executed.
22:13:58 INFO  : Context for 'APU' is selected.
22:13:58 INFO  : Hardware design and registers information is loaded from 'C:/Users/nlitz88/workspace/zed/export/zed/hw/zed.xsa'.
22:13:58 INFO  : 'configparams force-mem-access 1' command is executed.
22:13:58 INFO  : Context for 'APU' is selected.
22:13:58 INFO  : Sourcing of 'C:/Users/nlitz88/workspace/lab3_part3/_ide/psinit/ps7_init.tcl' is done.
22:13:58 INFO  : 'ps7_init' command is executed.
22:13:58 INFO  : 'ps7_post_config' command is executed.
22:13:58 INFO  : Context for processor 'ps7_cortexa9_0' is selected.
22:13:59 INFO  : The application 'C:/Users/nlitz88/workspace/lab3_part3/Debug/lab3_part3.elf' is downloaded to processor 'ps7_cortexa9_0'.
22:13:59 INFO  : 'configparams force-mem-access 0' command is executed.
22:13:59 INFO  : ----------------XSDB Script----------------
connect -url tcp:127.0.0.1:3121
targets -set -nocase -filter {name =~"APU*"}
rst -system
after 3000
targets -set -nocase -filter {name =~"APU*"}
loadhw -hw C:/Users/nlitz88/workspace/zed/export/zed/hw/zed.xsa -mem-ranges [list {0x40000000 0xbfffffff}] -regs
configparams force-mem-access 1
targets -set -nocase -filter {name =~"APU*"}
source C:/Users/nlitz88/workspace/lab3_part3/_ide/psinit/ps7_init.tcl
ps7_init
ps7_post_config
targets -set -nocase -filter {name =~ "*A9*#0"}
dow C:/Users/nlitz88/workspace/lab3_part3/Debug/lab3_part3.elf
configparams force-mem-access 0
----------------End of Script----------------

22:13:59 INFO  : Context for processor 'ps7_cortexa9_0' is selected.
22:13:59 INFO  : 'con' command is executed.
22:13:59 INFO  : ----------------XSDB Script (After Launch)----------------
targets -set -nocase -filter {name =~ "*A9*#0"}
con
----------------End of Script----------------

22:13:59 INFO  : Launch script is exported to file 'C:\Users\nlitz88\workspace\lab3_part3_system\_ide\scripts\systemdebugger_lab3_part3_system_standalone.tcl'
22:18:03 INFO  : Checking for BSP changes to sync application flags for project 'lab3_part3'...
22:18:36 INFO  : Disconnected from the channel tcfchan#2.
22:18:36 INFO  : Connected to target on host '127.0.0.1' and port '3121'.
22:18:36 INFO  : Jtag cable 'Digilent Zed 210248782930' is selected.
22:18:36 INFO  : 'jtag frequency' command is executed.
22:18:36 INFO  : Context for 'APU' is selected.
22:18:36 INFO  : System reset is completed.
22:18:39 INFO  : 'after 3000' command is executed.
22:18:39 INFO  : Context for 'APU' is selected.
22:18:43 INFO  : Hardware design and registers information is loaded from 'C:/Users/nlitz88/workspace/zed/export/zed/hw/zed.xsa'.
22:18:43 INFO  : 'configparams force-mem-access 1' command is executed.
22:18:43 INFO  : Context for 'APU' is selected.
22:18:43 INFO  : Sourcing of 'C:/Users/nlitz88/workspace/lab3_part3/_ide/psinit/ps7_init.tcl' is done.
22:18:43 INFO  : 'ps7_init' command is executed.
22:18:43 INFO  : 'ps7_post_config' command is executed.
22:18:43 INFO  : Context for processor 'ps7_cortexa9_0' is selected.
22:18:43 INFO  : The application 'C:/Users/nlitz88/workspace/lab3_part3/Debug/lab3_part3.elf' is downloaded to processor 'ps7_cortexa9_0'.
22:18:43 INFO  : 'configparams force-mem-access 0' command is executed.
22:18:43 INFO  : ----------------XSDB Script----------------
connect -url tcp:127.0.0.1:3121
targets -set -nocase -filter {name =~"APU*"}
rst -system
after 3000
targets -set -nocase -filter {name =~"APU*"}
loadhw -hw C:/Users/nlitz88/workspace/zed/export/zed/hw/zed.xsa -mem-ranges [list {0x40000000 0xbfffffff}] -regs
configparams force-mem-access 1
targets -set -nocase -filter {name =~"APU*"}
source C:/Users/nlitz88/workspace/lab3_part3/_ide/psinit/ps7_init.tcl
ps7_init
ps7_post_config
targets -set -nocase -filter {name =~ "*A9*#0"}
dow C:/Users/nlitz88/workspace/lab3_part3/Debug/lab3_part3.elf
configparams force-mem-access 0
----------------End of Script----------------

22:18:44 INFO  : Context for processor 'ps7_cortexa9_0' is selected.
22:18:44 INFO  : 'con' command is executed.
22:18:44 INFO  : ----------------XSDB Script (After Launch)----------------
targets -set -nocase -filter {name =~ "*A9*#0"}
con
----------------End of Script----------------

22:18:44 INFO  : Launch script is exported to file 'C:\Users\nlitz88\workspace\lab3_part3_system\_ide\scripts\systemdebugger_lab3_part3_system_standalone.tcl'
22:19:52 INFO  : Disconnected from the channel tcfchan#3.
22:19:52 INFO  : Connected to target on host '127.0.0.1' and port '3121'.
22:19:52 INFO  : Jtag cable 'Digilent Zed 210248782930' is selected.
22:19:52 INFO  : 'jtag frequency' command is executed.
22:19:53 INFO  : Context for 'APU' is selected.
22:19:53 INFO  : System reset is completed.
22:19:56 INFO  : 'after 3000' command is executed.
22:19:56 INFO  : Context for 'APU' is selected.
22:19:56 INFO  : Hardware design and registers information is loaded from 'C:/Users/nlitz88/workspace/zed/export/zed/hw/zed.xsa'.
22:19:56 INFO  : 'configparams force-mem-access 1' command is executed.
22:19:56 INFO  : Context for 'APU' is selected.
22:19:56 INFO  : Sourcing of 'C:/Users/nlitz88/workspace/lab3_part3/_ide/psinit/ps7_init.tcl' is done.
22:19:56 INFO  : 'ps7_init' command is executed.
22:19:56 INFO  : 'ps7_post_config' command is executed.
22:19:56 INFO  : Context for processor 'ps7_cortexa9_0' is selected.
22:19:56 INFO  : The application 'C:/Users/nlitz88/workspace/lab3_part3/Debug/lab3_part3.elf' is downloaded to processor 'ps7_cortexa9_0'.
22:19:56 INFO  : 'configparams force-mem-access 0' command is executed.
22:19:56 INFO  : ----------------XSDB Script----------------
connect -url tcp:127.0.0.1:3121
targets -set -nocase -filter {name =~"APU*"}
rst -system
after 3000
targets -set -nocase -filter {name =~"APU*"}
loadhw -hw C:/Users/nlitz88/workspace/zed/export/zed/hw/zed.xsa -mem-ranges [list {0x40000000 0xbfffffff}] -regs
configparams force-mem-access 1
targets -set -nocase -filter {name =~"APU*"}
source C:/Users/nlitz88/workspace/lab3_part3/_ide/psinit/ps7_init.tcl
ps7_init
ps7_post_config
targets -set -nocase -filter {name =~ "*A9*#0"}
dow C:/Users/nlitz88/workspace/lab3_part3/Debug/lab3_part3.elf
configparams force-mem-access 0
----------------End of Script----------------

22:19:56 INFO  : Context for processor 'ps7_cortexa9_0' is selected.
22:19:57 INFO  : 'con' command is executed.
22:19:57 INFO  : ----------------XSDB Script (After Launch)----------------
targets -set -nocase -filter {name =~ "*A9*#0"}
con
----------------End of Script----------------

22:19:57 INFO  : Launch script is exported to file 'C:\Users\nlitz88\workspace\lab3_part3_system\_ide\scripts\systemdebugger_lab3_part3_system_standalone.tcl'
22:21:25 INFO  : Checking for BSP changes to sync application flags for project 'lab3_part3'...
22:21:39 INFO  : Disconnected from the channel tcfchan#4.
22:21:39 INFO  : Connected to target on host '127.0.0.1' and port '3121'.
22:21:39 INFO  : Jtag cable 'Digilent Zed 210248782930' is selected.
22:21:39 INFO  : 'jtag frequency' command is executed.
22:21:39 INFO  : Context for 'APU' is selected.
22:21:39 INFO  : System reset is completed.
22:21:42 INFO  : 'after 3000' command is executed.
22:21:42 INFO  : Context for 'APU' is selected.
22:21:42 INFO  : Hardware design and registers information is loaded from 'C:/Users/nlitz88/workspace/zed/export/zed/hw/zed.xsa'.
22:21:42 INFO  : 'configparams force-mem-access 1' command is executed.
22:21:42 INFO  : Context for 'APU' is selected.
22:21:42 INFO  : Sourcing of 'C:/Users/nlitz88/workspace/lab3_part3/_ide/psinit/ps7_init.tcl' is done.
22:21:43 INFO  : 'ps7_init' command is executed.
22:21:43 INFO  : 'ps7_post_config' command is executed.
22:21:43 INFO  : Context for processor 'ps7_cortexa9_0' is selected.
22:21:43 INFO  : The application 'C:/Users/nlitz88/workspace/lab3_part3/Debug/lab3_part3.elf' is downloaded to processor 'ps7_cortexa9_0'.
22:21:43 INFO  : 'configparams force-mem-access 0' command is executed.
22:21:43 INFO  : ----------------XSDB Script----------------
connect -url tcp:127.0.0.1:3121
targets -set -nocase -filter {name =~"APU*"}
rst -system
after 3000
targets -set -nocase -filter {name =~"APU*"}
loadhw -hw C:/Users/nlitz88/workspace/zed/export/zed/hw/zed.xsa -mem-ranges [list {0x40000000 0xbfffffff}] -regs
configparams force-mem-access 1
targets -set -nocase -filter {name =~"APU*"}
source C:/Users/nlitz88/workspace/lab3_part3/_ide/psinit/ps7_init.tcl
ps7_init
ps7_post_config
targets -set -nocase -filter {name =~ "*A9*#0"}
dow C:/Users/nlitz88/workspace/lab3_part3/Debug/lab3_part3.elf
configparams force-mem-access 0
----------------End of Script----------------

22:21:43 INFO  : Context for processor 'ps7_cortexa9_0' is selected.
22:21:43 INFO  : 'con' command is executed.
22:21:43 INFO  : ----------------XSDB Script (After Launch)----------------
targets -set -nocase -filter {name =~ "*A9*#0"}
con
----------------End of Script----------------

22:21:43 INFO  : Launch script is exported to file 'C:\Users\nlitz88\workspace\lab3_part3_system\_ide\scripts\systemdebugger_lab3_part3_system_standalone.tcl'
22:31:08 INFO  : Checking for BSP changes to sync application flags for project 'lab3_part3'...
22:31:15 INFO  : Disconnected from the channel tcfchan#5.
22:31:15 INFO  : Connected to target on host '127.0.0.1' and port '3121'.
22:31:15 INFO  : Jtag cable 'Digilent Zed 210248782930' is selected.
22:31:15 INFO  : 'jtag frequency' command is executed.
22:31:15 INFO  : Context for 'APU' is selected.
22:31:15 INFO  : System reset is completed.
22:31:18 INFO  : 'after 3000' command is executed.
22:31:18 INFO  : Context for 'APU' is selected.
22:31:18 INFO  : Hardware design and registers information is loaded from 'C:/Users/nlitz88/workspace/zed/export/zed/hw/zed.xsa'.
22:31:18 INFO  : 'configparams force-mem-access 1' command is executed.
22:31:18 INFO  : Context for 'APU' is selected.
22:31:18 INFO  : Sourcing of 'C:/Users/nlitz88/workspace/lab3_part3/_ide/psinit/ps7_init.tcl' is done.
22:31:19 INFO  : 'ps7_init' command is executed.
22:31:19 INFO  : 'ps7_post_config' command is executed.
22:31:19 INFO  : Context for processor 'ps7_cortexa9_0' is selected.
22:31:19 INFO  : The application 'C:/Users/nlitz88/workspace/lab3_part3/Debug/lab3_part3.elf' is downloaded to processor 'ps7_cortexa9_0'.
22:31:19 INFO  : 'configparams force-mem-access 0' command is executed.
22:31:19 INFO  : ----------------XSDB Script----------------
connect -url tcp:127.0.0.1:3121
targets -set -nocase -filter {name =~"APU*"}
rst -system
after 3000
targets -set -nocase -filter {name =~"APU*"}
loadhw -hw C:/Users/nlitz88/workspace/zed/export/zed/hw/zed.xsa -mem-ranges [list {0x40000000 0xbfffffff}] -regs
configparams force-mem-access 1
targets -set -nocase -filter {name =~"APU*"}
source C:/Users/nlitz88/workspace/lab3_part3/_ide/psinit/ps7_init.tcl
ps7_init
ps7_post_config
targets -set -nocase -filter {name =~ "*A9*#0"}
dow C:/Users/nlitz88/workspace/lab3_part3/Debug/lab3_part3.elf
configparams force-mem-access 0
----------------End of Script----------------

22:31:19 INFO  : Context for processor 'ps7_cortexa9_0' is selected.
22:31:19 INFO  : 'con' command is executed.
22:31:19 INFO  : ----------------XSDB Script (After Launch)----------------
targets -set -nocase -filter {name =~ "*A9*#0"}
con
----------------End of Script----------------

22:31:19 INFO  : Launch script is exported to file 'C:\Users\nlitz88\workspace\lab3_part3_system\_ide\scripts\systemdebugger_lab3_part3_system_standalone.tcl'
22:32:02 INFO  : Checking for BSP changes to sync application flags for project 'lab3_part3'...
22:32:10 INFO  : Disconnected from the channel tcfchan#6.
22:32:10 INFO  : Connected to target on host '127.0.0.1' and port '3121'.
22:32:10 INFO  : Jtag cable 'Digilent Zed 210248782930' is selected.
22:32:10 INFO  : 'jtag frequency' command is executed.
22:32:10 INFO  : Context for 'APU' is selected.
22:32:10 INFO  : System reset is completed.
22:32:13 INFO  : 'after 3000' command is executed.
22:32:13 INFO  : Context for 'APU' is selected.
22:32:13 INFO  : Hardware design and registers information is loaded from 'C:/Users/nlitz88/workspace/zed/export/zed/hw/zed.xsa'.
22:32:13 INFO  : 'configparams force-mem-access 1' command is executed.
22:32:13 INFO  : Context for 'APU' is selected.
22:32:13 INFO  : Sourcing of 'C:/Users/nlitz88/workspace/lab3_part3/_ide/psinit/ps7_init.tcl' is done.
22:32:14 INFO  : 'ps7_init' command is executed.
22:32:14 INFO  : 'ps7_post_config' command is executed.
22:32:14 INFO  : Context for processor 'ps7_cortexa9_0' is selected.
22:32:14 INFO  : The application 'C:/Users/nlitz88/workspace/lab3_part3/Debug/lab3_part3.elf' is downloaded to processor 'ps7_cortexa9_0'.
22:32:14 INFO  : 'configparams force-mem-access 0' command is executed.
22:32:14 INFO  : ----------------XSDB Script----------------
connect -url tcp:127.0.0.1:3121
targets -set -nocase -filter {name =~"APU*"}
rst -system
after 3000
targets -set -nocase -filter {name =~"APU*"}
loadhw -hw C:/Users/nlitz88/workspace/zed/export/zed/hw/zed.xsa -mem-ranges [list {0x40000000 0xbfffffff}] -regs
configparams force-mem-access 1
targets -set -nocase -filter {name =~"APU*"}
source C:/Users/nlitz88/workspace/lab3_part3/_ide/psinit/ps7_init.tcl
ps7_init
ps7_post_config
targets -set -nocase -filter {name =~ "*A9*#0"}
dow C:/Users/nlitz88/workspace/lab3_part3/Debug/lab3_part3.elf
configparams force-mem-access 0
----------------End of Script----------------

22:32:14 INFO  : Context for processor 'ps7_cortexa9_0' is selected.
22:32:14 INFO  : 'con' command is executed.
22:32:14 INFO  : ----------------XSDB Script (After Launch)----------------
targets -set -nocase -filter {name =~ "*A9*#0"}
con
----------------End of Script----------------

22:32:14 INFO  : Launch script is exported to file 'C:\Users\nlitz88\workspace\lab3_part3_system\_ide\scripts\systemdebugger_lab3_part3_system_standalone.tcl'
22:34:43 INFO  : Checking for BSP changes to sync application flags for project 'lab3_part3'...
22:34:49 INFO  : Disconnected from the channel tcfchan#7.
22:34:49 INFO  : Connected to target on host '127.0.0.1' and port '3121'.
22:34:50 INFO  : Jtag cable 'Digilent Zed 210248782930' is selected.
22:34:50 INFO  : 'jtag frequency' command is executed.
22:34:50 INFO  : Context for 'APU' is selected.
22:34:50 INFO  : System reset is completed.
22:34:53 INFO  : 'after 3000' command is executed.
22:34:53 INFO  : Context for 'APU' is selected.
22:34:53 INFO  : Hardware design and registers information is loaded from 'C:/Users/nlitz88/workspace/zed/export/zed/hw/zed.xsa'.
22:34:53 INFO  : 'configparams force-mem-access 1' command is executed.
22:34:53 INFO  : Context for 'APU' is selected.
22:34:53 INFO  : Sourcing of 'C:/Users/nlitz88/workspace/lab3_part3/_ide/psinit/ps7_init.tcl' is done.
22:34:53 INFO  : 'ps7_init' command is executed.
22:34:53 INFO  : 'ps7_post_config' command is executed.
22:34:53 INFO  : Context for processor 'ps7_cortexa9_0' is selected.
22:34:53 INFO  : The application 'C:/Users/nlitz88/workspace/lab3_part3/Debug/lab3_part3.elf' is downloaded to processor 'ps7_cortexa9_0'.
22:34:53 INFO  : 'configparams force-mem-access 0' command is executed.
22:34:53 INFO  : ----------------XSDB Script----------------
connect -url tcp:127.0.0.1:3121
targets -set -nocase -filter {name =~"APU*"}
rst -system
after 3000
targets -set -nocase -filter {name =~"APU*"}
loadhw -hw C:/Users/nlitz88/workspace/zed/export/zed/hw/zed.xsa -mem-ranges [list {0x40000000 0xbfffffff}] -regs
configparams force-mem-access 1
targets -set -nocase -filter {name =~"APU*"}
source C:/Users/nlitz88/workspace/lab3_part3/_ide/psinit/ps7_init.tcl
ps7_init
ps7_post_config
targets -set -nocase -filter {name =~ "*A9*#0"}
dow C:/Users/nlitz88/workspace/lab3_part3/Debug/lab3_part3.elf
configparams force-mem-access 0
----------------End of Script----------------

22:34:54 INFO  : Context for processor 'ps7_cortexa9_0' is selected.
22:34:54 INFO  : 'con' command is executed.
22:34:54 INFO  : ----------------XSDB Script (After Launch)----------------
targets -set -nocase -filter {name =~ "*A9*#0"}
con
----------------End of Script----------------

22:34:54 INFO  : Launch script is exported to file 'C:\Users\nlitz88\workspace\lab3_part3_system\_ide\scripts\systemdebugger_lab3_part3_system_standalone.tcl'
22:36:05 INFO  : Checking for BSP changes to sync application flags for project 'lab3_part3'...
22:36:11 INFO  : Disconnected from the channel tcfchan#8.
22:36:12 INFO  : Connected to target on host '127.0.0.1' and port '3121'.
22:36:12 INFO  : Jtag cable 'Digilent Zed 210248782930' is selected.
22:36:12 INFO  : 'jtag frequency' command is executed.
22:36:12 INFO  : Context for 'APU' is selected.
22:36:12 INFO  : System reset is completed.
22:36:15 INFO  : 'after 3000' command is executed.
22:36:15 INFO  : Context for 'APU' is selected.
22:36:15 INFO  : Hardware design and registers information is loaded from 'C:/Users/nlitz88/workspace/zed/export/zed/hw/zed.xsa'.
22:36:15 INFO  : 'configparams force-mem-access 1' command is executed.
22:36:15 INFO  : Context for 'APU' is selected.
22:36:15 INFO  : Sourcing of 'C:/Users/nlitz88/workspace/lab3_part3/_ide/psinit/ps7_init.tcl' is done.
22:36:15 INFO  : 'ps7_init' command is executed.
22:36:15 INFO  : 'ps7_post_config' command is executed.
22:36:15 INFO  : Context for processor 'ps7_cortexa9_0' is selected.
22:36:16 INFO  : The application 'C:/Users/nlitz88/workspace/lab3_part3/Debug/lab3_part3.elf' is downloaded to processor 'ps7_cortexa9_0'.
22:36:16 INFO  : 'configparams force-mem-access 0' command is executed.
22:36:16 INFO  : ----------------XSDB Script----------------
connect -url tcp:127.0.0.1:3121
targets -set -nocase -filter {name =~"APU*"}
rst -system
after 3000
targets -set -nocase -filter {name =~"APU*"}
loadhw -hw C:/Users/nlitz88/workspace/zed/export/zed/hw/zed.xsa -mem-ranges [list {0x40000000 0xbfffffff}] -regs
configparams force-mem-access 1
targets -set -nocase -filter {name =~"APU*"}
source C:/Users/nlitz88/workspace/lab3_part3/_ide/psinit/ps7_init.tcl
ps7_init
ps7_post_config
targets -set -nocase -filter {name =~ "*A9*#0"}
dow C:/Users/nlitz88/workspace/lab3_part3/Debug/lab3_part3.elf
configparams force-mem-access 0
----------------End of Script----------------

22:36:16 INFO  : Context for processor 'ps7_cortexa9_0' is selected.
22:36:16 INFO  : 'con' command is executed.
22:36:16 INFO  : ----------------XSDB Script (After Launch)----------------
targets -set -nocase -filter {name =~ "*A9*#0"}
con
----------------End of Script----------------

22:36:16 INFO  : Launch script is exported to file 'C:\Users\nlitz88\workspace\lab3_part3_system\_ide\scripts\systemdebugger_lab3_part3_system_standalone.tcl'
22:36:33 INFO  : Checking for BSP changes to sync application flags for project 'lab3_part3'...
22:36:40 INFO  : Disconnected from the channel tcfchan#9.
22:36:40 INFO  : Connected to target on host '127.0.0.1' and port '3121'.
22:36:40 INFO  : Jtag cable 'Digilent Zed 210248782930' is selected.
22:36:40 INFO  : 'jtag frequency' command is executed.
22:36:40 INFO  : Context for 'APU' is selected.
22:36:40 INFO  : System reset is completed.
22:36:43 INFO  : 'after 3000' command is executed.
22:36:43 INFO  : Context for 'APU' is selected.
22:36:43 INFO  : Hardware design and registers information is loaded from 'C:/Users/nlitz88/workspace/zed/export/zed/hw/zed.xsa'.
22:36:43 INFO  : 'configparams force-mem-access 1' command is executed.
22:36:43 INFO  : Context for 'APU' is selected.
22:36:43 INFO  : Sourcing of 'C:/Users/nlitz88/workspace/lab3_part3/_ide/psinit/ps7_init.tcl' is done.
22:36:44 INFO  : 'ps7_init' command is executed.
22:36:44 INFO  : 'ps7_post_config' command is executed.
22:36:44 INFO  : Context for processor 'ps7_cortexa9_0' is selected.
22:36:44 INFO  : The application 'C:/Users/nlitz88/workspace/lab3_part3/Debug/lab3_part3.elf' is downloaded to processor 'ps7_cortexa9_0'.
22:36:44 INFO  : 'configparams force-mem-access 0' command is executed.
22:36:44 INFO  : ----------------XSDB Script----------------
connect -url tcp:127.0.0.1:3121
targets -set -nocase -filter {name =~"APU*"}
rst -system
after 3000
targets -set -nocase -filter {name =~"APU*"}
loadhw -hw C:/Users/nlitz88/workspace/zed/export/zed/hw/zed.xsa -mem-ranges [list {0x40000000 0xbfffffff}] -regs
configparams force-mem-access 1
targets -set -nocase -filter {name =~"APU*"}
source C:/Users/nlitz88/workspace/lab3_part3/_ide/psinit/ps7_init.tcl
ps7_init
ps7_post_config
targets -set -nocase -filter {name =~ "*A9*#0"}
dow C:/Users/nlitz88/workspace/lab3_part3/Debug/lab3_part3.elf
configparams force-mem-access 0
----------------End of Script----------------

22:36:44 INFO  : Context for processor 'ps7_cortexa9_0' is selected.
22:36:44 INFO  : 'con' command is executed.
22:36:44 INFO  : ----------------XSDB Script (After Launch)----------------
targets -set -nocase -filter {name =~ "*A9*#0"}
con
----------------End of Script----------------

22:36:44 INFO  : Launch script is exported to file 'C:\Users\nlitz88\workspace\lab3_part3_system\_ide\scripts\systemdebugger_lab3_part3_system_standalone.tcl'
22:38:02 INFO  : Checking for BSP changes to sync application flags for project 'lab3_part3'...
22:38:18 INFO  : Disconnected from the channel tcfchan#10.
22:38:18 INFO  : Connected to target on host '127.0.0.1' and port '3121'.
22:38:18 INFO  : Jtag cable 'Digilent Zed 210248782930' is selected.
22:38:18 INFO  : 'jtag frequency' command is executed.
22:38:18 INFO  : Context for 'APU' is selected.
22:38:19 INFO  : System reset is completed.
22:38:22 INFO  : 'after 3000' command is executed.
22:38:22 INFO  : Context for 'APU' is selected.
22:38:22 INFO  : Hardware design and registers information is loaded from 'C:/Users/nlitz88/workspace/zed/export/zed/hw/zed.xsa'.
22:38:22 INFO  : 'configparams force-mem-access 1' command is executed.
22:38:22 INFO  : Context for 'APU' is selected.
22:38:22 INFO  : Sourcing of 'C:/Users/nlitz88/workspace/lab3_part3/_ide/psinit/ps7_init.tcl' is done.
22:38:22 INFO  : 'ps7_init' command is executed.
22:38:22 INFO  : 'ps7_post_config' command is executed.
22:38:22 INFO  : Context for processor 'ps7_cortexa9_0' is selected.
22:38:22 INFO  : The application 'C:/Users/nlitz88/workspace/lab3_part3/Debug/lab3_part3.elf' is downloaded to processor 'ps7_cortexa9_0'.
22:38:23 INFO  : 'configparams force-mem-access 0' command is executed.
22:38:23 INFO  : ----------------XSDB Script----------------
connect -url tcp:127.0.0.1:3121
targets -set -nocase -filter {name =~"APU*"}
rst -system
after 3000
targets -set -nocase -filter {name =~"APU*"}
loadhw -hw C:/Users/nlitz88/workspace/zed/export/zed/hw/zed.xsa -mem-ranges [list {0x40000000 0xbfffffff}] -regs
configparams force-mem-access 1
targets -set -nocase -filter {name =~"APU*"}
source C:/Users/nlitz88/workspace/lab3_part3/_ide/psinit/ps7_init.tcl
ps7_init
ps7_post_config
targets -set -nocase -filter {name =~ "*A9*#0"}
dow C:/Users/nlitz88/workspace/lab3_part3/Debug/lab3_part3.elf
configparams force-mem-access 0
----------------End of Script----------------

22:38:23 INFO  : Context for processor 'ps7_cortexa9_0' is selected.
22:38:23 INFO  : 'con' command is executed.
22:38:23 INFO  : ----------------XSDB Script (After Launch)----------------
targets -set -nocase -filter {name =~ "*A9*#0"}
con
----------------End of Script----------------

22:38:23 INFO  : Launch script is exported to file 'C:\Users\nlitz88\workspace\lab3_part3_system\_ide\scripts\systemdebugger_lab3_part3_system_standalone.tcl'
22:39:15 INFO  : Disconnected from the channel tcfchan#12.
22:39:15 INFO  : Connected to target on host '127.0.0.1' and port '3121'.
22:39:15 INFO  : Jtag cable 'Digilent Zed 210248782930' is selected.
22:39:15 INFO  : 'jtag frequency' command is executed.
22:39:15 INFO  : Context for 'APU' is selected.
22:39:15 INFO  : System reset is completed.
22:39:18 INFO  : 'after 3000' command is executed.
22:39:18 INFO  : Context for 'APU' is selected.
22:39:18 INFO  : Hardware design and registers information is loaded from 'C:/Users/nlitz88/workspace/zed/export/zed/hw/zed.xsa'.
22:39:18 INFO  : 'configparams force-mem-access 1' command is executed.
22:39:19 INFO  : Context for 'APU' is selected.
22:39:19 INFO  : Sourcing of 'C:/Users/nlitz88/workspace/lab3_part3/_ide/psinit/ps7_init.tcl' is done.
22:39:19 INFO  : 'ps7_init' command is executed.
22:39:19 INFO  : 'ps7_post_config' command is executed.
22:39:19 INFO  : Context for processor 'ps7_cortexa9_0' is selected.
22:39:19 INFO  : The application 'C:/Users/nlitz88/workspace/lab3_part3/Debug/lab3_part3.elf' is downloaded to processor 'ps7_cortexa9_0'.
22:39:19 INFO  : 'configparams force-mem-access 0' command is executed.
22:39:19 INFO  : ----------------XSDB Script----------------
connect -url tcp:127.0.0.1:3121
targets -set -nocase -filter {name =~"APU*"}
rst -system
after 3000
targets -set -nocase -filter {name =~"APU*"}
loadhw -hw C:/Users/nlitz88/workspace/zed/export/zed/hw/zed.xsa -mem-ranges [list {0x40000000 0xbfffffff}] -regs
configparams force-mem-access 1
targets -set -nocase -filter {name =~"APU*"}
source C:/Users/nlitz88/workspace/lab3_part3/_ide/psinit/ps7_init.tcl
ps7_init
ps7_post_config
targets -set -nocase -filter {name =~ "*A9*#0"}
dow C:/Users/nlitz88/workspace/lab3_part3/Debug/lab3_part3.elf
configparams force-mem-access 0
----------------End of Script----------------

22:39:20 INFO  : Context for processor 'ps7_cortexa9_0' is selected.
22:39:20 INFO  : 'con' command is executed.
22:39:20 INFO  : ----------------XSDB Script (After Launch)----------------
targets -set -nocase -filter {name =~ "*A9*#0"}
con
----------------End of Script----------------

22:39:20 INFO  : Launch script is exported to file 'C:\Users\nlitz88\workspace\lab3_part3_system\_ide\scripts\systemdebugger_lab3_part3_system_standalone.tcl'
22:42:33 INFO  : Checking for BSP changes to sync application flags for project 'lab3_part3'...
22:42:39 INFO  : Disconnected from the channel tcfchan#13.
22:42:39 INFO  : Connected to target on host '127.0.0.1' and port '3121'.
22:42:40 INFO  : Jtag cable 'Digilent Zed 210248782930' is selected.
22:42:40 INFO  : 'jtag frequency' command is executed.
22:42:40 INFO  : Context for 'APU' is selected.
22:42:40 INFO  : System reset is completed.
22:42:43 INFO  : 'after 3000' command is executed.
22:42:43 INFO  : Context for 'APU' is selected.
22:42:43 INFO  : Hardware design and registers information is loaded from 'C:/Users/nlitz88/workspace/zed/export/zed/hw/zed.xsa'.
22:42:43 INFO  : 'configparams force-mem-access 1' command is executed.
22:42:43 INFO  : Context for 'APU' is selected.
22:42:43 INFO  : Sourcing of 'C:/Users/nlitz88/workspace/lab3_part3/_ide/psinit/ps7_init.tcl' is done.
22:42:43 INFO  : 'ps7_init' command is executed.
22:42:43 INFO  : 'ps7_post_config' command is executed.
22:42:43 INFO  : Context for processor 'ps7_cortexa9_0' is selected.
22:42:43 INFO  : The application 'C:/Users/nlitz88/workspace/lab3_part3/Debug/lab3_part3.elf' is downloaded to processor 'ps7_cortexa9_0'.
22:42:44 INFO  : 'configparams force-mem-access 0' command is executed.
22:42:44 INFO  : ----------------XSDB Script----------------
connect -url tcp:127.0.0.1:3121
targets -set -nocase -filter {name =~"APU*"}
rst -system
after 3000
targets -set -nocase -filter {name =~"APU*"}
loadhw -hw C:/Users/nlitz88/workspace/zed/export/zed/hw/zed.xsa -mem-ranges [list {0x40000000 0xbfffffff}] -regs
configparams force-mem-access 1
targets -set -nocase -filter {name =~"APU*"}
source C:/Users/nlitz88/workspace/lab3_part3/_ide/psinit/ps7_init.tcl
ps7_init
ps7_post_config
targets -set -nocase -filter {name =~ "*A9*#0"}
dow C:/Users/nlitz88/workspace/lab3_part3/Debug/lab3_part3.elf
configparams force-mem-access 0
----------------End of Script----------------

22:42:44 INFO  : Context for processor 'ps7_cortexa9_0' is selected.
22:42:44 INFO  : 'con' command is executed.
22:42:44 INFO  : ----------------XSDB Script (After Launch)----------------
targets -set -nocase -filter {name =~ "*A9*#0"}
con
----------------End of Script----------------

22:42:44 INFO  : Launch script is exported to file 'C:\Users\nlitz88\workspace\lab3_part3_system\_ide\scripts\systemdebugger_lab3_part3_system_standalone.tcl'
22:49:09 INFO  : Connected to target on host '127.0.0.1' and port '3121'.
22:50:07 INFO  : Connected to target on host '127.0.0.1' and port '3121'.
22:50:07 INFO  : 'targets -set -filter {jtag_cable_name =~ "Digilent Zed 210248782930" && level==0 && jtag_device_ctx=="jsn-Zed-210248782930-23727093-0"}' command is executed.
22:50:09 INFO  : Device configured successfully with "C:/Users/nlitz88/workspace/lab3_part3_design1/_ide/bitstream/design_1_wrapper.bit"
22:50:34 INFO  : Disconnected from the channel tcfchan#14.
22:50:34 INFO  : Connected to target on host '127.0.0.1' and port '3121'.
22:50:34 INFO  : Jtag cable 'Digilent Zed 210248782930' is selected.
22:50:34 INFO  : 'jtag frequency' command is executed.
22:50:34 INFO  : Context for 'APU' is selected.
22:50:34 INFO  : System reset is completed.
22:50:37 INFO  : 'after 3000' command is executed.
22:50:37 INFO  : Context for 'APU' is selected.
22:50:37 INFO  : Hardware design and registers information is loaded from 'C:/Users/nlitz88/workspace/zed/export/zed/hw/zed.xsa'.
22:50:37 INFO  : 'configparams force-mem-access 1' command is executed.
22:50:37 INFO  : Context for 'APU' is selected.
22:50:37 INFO  : Sourcing of 'C:/Users/nlitz88/workspace/lab3_part3/_ide/psinit/ps7_init.tcl' is done.
22:50:38 INFO  : 'ps7_init' command is executed.
22:50:38 INFO  : 'ps7_post_config' command is executed.
22:50:38 INFO  : Context for processor 'ps7_cortexa9_0' is selected.
22:50:38 INFO  : The application 'C:/Users/nlitz88/workspace/lab3_part3/Debug/lab3_part3.elf' is downloaded to processor 'ps7_cortexa9_0'.
22:50:38 INFO  : 'configparams force-mem-access 0' command is executed.
22:50:38 INFO  : ----------------XSDB Script----------------
connect -url tcp:127.0.0.1:3121
targets -set -nocase -filter {name =~"APU*"}
rst -system
after 3000
targets -set -nocase -filter {name =~"APU*"}
loadhw -hw C:/Users/nlitz88/workspace/zed/export/zed/hw/zed.xsa -mem-ranges [list {0x40000000 0xbfffffff}] -regs
configparams force-mem-access 1
targets -set -nocase -filter {name =~"APU*"}
source C:/Users/nlitz88/workspace/lab3_part3/_ide/psinit/ps7_init.tcl
ps7_init
ps7_post_config
targets -set -nocase -filter {name =~ "*A9*#0"}
dow C:/Users/nlitz88/workspace/lab3_part3/Debug/lab3_part3.elf
configparams force-mem-access 0
----------------End of Script----------------

22:50:38 INFO  : Context for processor 'ps7_cortexa9_0' is selected.
22:50:38 INFO  : 'con' command is executed.
22:50:38 INFO  : ----------------XSDB Script (After Launch)----------------
targets -set -nocase -filter {name =~ "*A9*#0"}
con
----------------End of Script----------------

22:50:38 INFO  : Launch script is exported to file 'C:\Users\nlitz88\workspace\lab3_part3_system\_ide\scripts\systemdebugger_lab3_part3_system_standalone.tcl'
22:55:20 INFO  : Connected to target on host '127.0.0.1' and port '3121'.
22:55:20 INFO  : Jtag cable 'Digilent Zed 210248782930' is selected.
22:55:20 INFO  : 'jtag frequency' command is executed.
22:55:21 INFO  : Context for 'APU' is selected.
22:55:21 INFO  : System reset is completed.
22:55:24 INFO  : 'after 3000' command is executed.
22:55:24 INFO  : 'targets -set -filter {jtag_cable_name =~ "Digilent Zed 210248782930" && level==0 && jtag_device_ctx=="jsn-Zed-210248782930-23727093-0"}' command is executed.
22:55:26 INFO  : Device configured successfully with "C:/Users/nlitz88/workspace/lab3_part3_design1/_ide/bitstream/design_1_wrapper.bit"
22:55:26 INFO  : Context for 'APU' is selected.
22:55:26 ERROR : can't read "map": no such variable
22:55:26 INFO  : ----------------XSDB Script----------------
connect -url tcp:127.0.0.1:3121
targets -set -nocase -filter {name =~"APU*"}
rst -system
after 3000
targets -set -filter {jtag_cable_name =~ "Digilent Zed 210248782930" && level==0 && jtag_device_ctx=="jsn-Zed-210248782930-23727093-0"}
fpga -file C:/Users/nlitz88/workspace/lab3_part3_design1/_ide/bitstream/design_1_wrapper.bit
targets -set -nocase -filter {name =~"APU*"}
loadhw -hw C:/Users/nlitz88/workspace/zed/export/zed/hw/zed.xsa -mem-ranges [list {0x40000000 0xbfffffff}] -regs
----------------End of Script----------------

22:55:26 ERROR : can't read "map": no such variable
22:55:40 INFO  : Checking for BSP changes to sync application flags for project 'lab3_part3'...
22:56:16 INFO  : Connected to target on host '127.0.0.1' and port '3121'.
22:56:17 INFO  : Jtag cable 'Digilent Zed 210248782930' is selected.
22:56:17 INFO  : 'jtag frequency' command is executed.
22:56:17 INFO  : Context for 'APU' is selected.
22:56:17 INFO  : System reset is completed.
22:56:20 INFO  : 'after 3000' command is executed.
22:56:20 INFO  : 'targets -set -filter {jtag_cable_name =~ "Digilent Zed 210248782930" && level==0 && jtag_device_ctx=="jsn-Zed-210248782930-23727093-0"}' command is executed.
22:56:22 INFO  : Device configured successfully with "C:/Users/nlitz88/workspace/lab3_part3_design1/_ide/bitstream/design_1_wrapper.bit"
22:56:22 INFO  : Context for 'APU' is selected.
22:56:22 ERROR : can't read "map": no such variable
22:56:22 INFO  : ----------------XSDB Script----------------
connect -url tcp:127.0.0.1:3121
targets -set -nocase -filter {name =~"APU*"}
rst -system
after 3000
targets -set -filter {jtag_cable_name =~ "Digilent Zed 210248782930" && level==0 && jtag_device_ctx=="jsn-Zed-210248782930-23727093-0"}
fpga -file C:/Users/nlitz88/workspace/lab3_part3_design1/_ide/bitstream/design_1_wrapper.bit
targets -set -nocase -filter {name =~"APU*"}
loadhw -hw C:/Users/nlitz88/workspace/zed/export/zed/hw/zed.xsa -mem-ranges [list {0x40000000 0xbfffffff}] -regs
----------------End of Script----------------

22:56:22 ERROR : can't read "map": no such variable
22:57:18 INFO  : Disconnected from the channel tcfchan#15.
22:57:18 INFO  : Connected to target on host '127.0.0.1' and port '3121'.
22:57:18 INFO  : Jtag cable 'Digilent Zed 210248782930' is selected.
22:57:18 INFO  : 'jtag frequency' command is executed.
22:57:18 INFO  : Context for 'APU' is selected.
22:57:19 INFO  : System reset is completed.
22:57:22 INFO  : 'after 3000' command is executed.
22:57:22 INFO  : 'targets -set -filter {jtag_cable_name =~ "Digilent Zed 210248782930" && level==0 && jtag_device_ctx=="jsn-Zed-210248782930-23727093-0"}' command is executed.
22:57:24 INFO  : Device configured successfully with "C:/Users/nlitz88/workspace/lab3_part3_design1/_ide/bitstream/design_1_wrapper.bit"
22:57:24 INFO  : Context for 'APU' is selected.
22:57:24 INFO  : Hardware design and registers information is loaded from 'C:/Users/nlitz88/workspace/zed/export/zed/hw/zed.xsa'.
22:57:24 INFO  : 'configparams force-mem-access 1' command is executed.
22:57:24 INFO  : Context for 'APU' is selected.
22:57:24 INFO  : Sourcing of 'C:/Users/nlitz88/workspace/lab3_part3/_ide/psinit/ps7_init.tcl' is done.
22:57:25 INFO  : 'ps7_init' command is executed.
22:57:25 INFO  : 'ps7_post_config' command is executed.
22:57:25 INFO  : Context for processor 'ps7_cortexa9_0' is selected.
22:57:25 INFO  : The application 'C:/Users/nlitz88/workspace/lab3_part3/Debug/lab3_part3.elf' is downloaded to processor 'ps7_cortexa9_0'.
22:57:25 INFO  : 'configparams force-mem-access 0' command is executed.
22:57:25 INFO  : ----------------XSDB Script----------------
connect -url tcp:127.0.0.1:3121
targets -set -nocase -filter {name =~"APU*"}
rst -system
after 3000
targets -set -filter {jtag_cable_name =~ "Digilent Zed 210248782930" && level==0 && jtag_device_ctx=="jsn-Zed-210248782930-23727093-0"}
fpga -file C:/Users/nlitz88/workspace/lab3_part3_design1/_ide/bitstream/design_1_wrapper.bit
targets -set -nocase -filter {name =~"APU*"}
loadhw -hw C:/Users/nlitz88/workspace/zed/export/zed/hw/zed.xsa -mem-ranges [list {0x40000000 0xbfffffff}] -regs
configparams force-mem-access 1
targets -set -nocase -filter {name =~"APU*"}
source C:/Users/nlitz88/workspace/lab3_part3/_ide/psinit/ps7_init.tcl
ps7_init
ps7_post_config
targets -set -nocase -filter {name =~ "*A9*#0"}
dow C:/Users/nlitz88/workspace/lab3_part3/Debug/lab3_part3.elf
configparams force-mem-access 0
----------------End of Script----------------

22:57:25 INFO  : Context for processor 'ps7_cortexa9_0' is selected.
22:57:25 INFO  : 'con' command is executed.
22:57:25 INFO  : ----------------XSDB Script (After Launch)----------------
targets -set -nocase -filter {name =~ "*A9*#0"}
con
----------------End of Script----------------

22:57:25 INFO  : Launch script is exported to file 'C:\Users\nlitz88\workspace\lab3_part3_system\_ide\scripts\systemdebugger_lab3_part3_system_standalone.tcl'
22:58:30 INFO  : Disconnected from the channel tcfchan#16.
22:58:30 INFO  : Connected to target on host '127.0.0.1' and port '3121'.
22:58:30 INFO  : Jtag cable 'Digilent Zed 210248782930' is selected.
22:58:30 INFO  : 'jtag frequency' command is executed.
22:58:30 INFO  : Context for 'APU' is selected.
22:58:30 INFO  : System reset is completed.
22:58:33 INFO  : 'after 3000' command is executed.
22:58:34 INFO  : 'targets -set -filter {jtag_cable_name =~ "Digilent Zed 210248782930" && level==0 && jtag_device_ctx=="jsn-Zed-210248782930-23727093-0"}' command is executed.
22:58:36 INFO  : Device configured successfully with "C:/Users/nlitz88/workspace/lab3_part3_design1/_ide/bitstream/design_1_wrapper.bit"
22:58:36 INFO  : Context for 'APU' is selected.
22:58:36 INFO  : Hardware design and registers information is loaded from 'C:/Users/nlitz88/workspace/zed/export/zed/hw/zed.xsa'.
22:58:36 INFO  : 'configparams force-mem-access 1' command is executed.
22:58:36 INFO  : Context for 'APU' is selected.
22:58:36 INFO  : Sourcing of 'C:/Users/nlitz88/workspace/lab3_part3/_ide/psinit/ps7_init.tcl' is done.
22:58:37 INFO  : 'ps7_init' command is executed.
22:58:37 INFO  : 'ps7_post_config' command is executed.
22:58:37 INFO  : Context for processor 'ps7_cortexa9_0' is selected.
22:58:37 INFO  : The application 'C:/Users/nlitz88/workspace/lab3_part3/Debug/lab3_part3.elf' is downloaded to processor 'ps7_cortexa9_0'.
22:58:37 INFO  : 'configparams force-mem-access 0' command is executed.
22:58:37 INFO  : ----------------XSDB Script----------------
connect -url tcp:127.0.0.1:3121
targets -set -nocase -filter {name =~"APU*"}
rst -system
after 3000
targets -set -filter {jtag_cable_name =~ "Digilent Zed 210248782930" && level==0 && jtag_device_ctx=="jsn-Zed-210248782930-23727093-0"}
fpga -file C:/Users/nlitz88/workspace/lab3_part3_design1/_ide/bitstream/design_1_wrapper.bit
targets -set -nocase -filter {name =~"APU*"}
loadhw -hw C:/Users/nlitz88/workspace/zed/export/zed/hw/zed.xsa -mem-ranges [list {0x40000000 0xbfffffff}] -regs
configparams force-mem-access 1
targets -set -nocase -filter {name =~"APU*"}
source C:/Users/nlitz88/workspace/lab3_part3/_ide/psinit/ps7_init.tcl
ps7_init
ps7_post_config
targets -set -nocase -filter {name =~ "*A9*#0"}
dow C:/Users/nlitz88/workspace/lab3_part3/Debug/lab3_part3.elf
configparams force-mem-access 0
----------------End of Script----------------

22:58:37 INFO  : Context for processor 'ps7_cortexa9_0' is selected.
22:58:38 INFO  : 'con' command is executed.
22:58:38 INFO  : ----------------XSDB Script (After Launch)----------------
targets -set -nocase -filter {name =~ "*A9*#0"}
con
----------------End of Script----------------

22:58:38 INFO  : Launch script is exported to file 'C:\Users\nlitz88\workspace\lab3_part3_system\_ide\scripts\systemdebugger_lab3_part3_system_standalone.tcl'
23:02:18 INFO  : Checking for BSP changes to sync application flags for project 'lab3_part3'...
23:03:01 INFO  : Disconnected from the channel tcfchan#17.
23:03:01 INFO  : Connected to target on host '127.0.0.1' and port '3121'.
23:03:01 INFO  : Jtag cable 'Digilent Zed 210248782930' is selected.
23:03:01 INFO  : 'jtag frequency' command is executed.
23:03:01 INFO  : Context for 'APU' is selected.
23:03:02 INFO  : System reset is completed.
23:03:05 INFO  : 'after 3000' command is executed.
23:03:05 INFO  : 'targets -set -filter {jtag_cable_name =~ "Digilent Zed 210248782930" && level==0 && jtag_device_ctx=="jsn-Zed-210248782930-23727093-0"}' command is executed.
23:03:07 INFO  : Device configured successfully with "C:/Users/nlitz88/workspace/lab3_part3_design1/_ide/bitstream/design_1_wrapper.bit"
23:03:07 INFO  : Context for 'APU' is selected.
23:03:07 INFO  : Hardware design and registers information is loaded from 'C:/Users/nlitz88/workspace/zed/export/zed/hw/zed.xsa'.
23:03:07 INFO  : 'configparams force-mem-access 1' command is executed.
23:03:07 INFO  : Context for 'APU' is selected.
23:03:07 INFO  : Sourcing of 'C:/Users/nlitz88/workspace/lab3_part3/_ide/psinit/ps7_init.tcl' is done.
23:03:08 INFO  : 'ps7_init' command is executed.
23:03:08 INFO  : 'ps7_post_config' command is executed.
23:03:08 INFO  : Context for processor 'ps7_cortexa9_0' is selected.
23:03:08 INFO  : The application 'C:/Users/nlitz88/workspace/lab3_part3/Debug/lab3_part3.elf' is downloaded to processor 'ps7_cortexa9_0'.
23:03:08 INFO  : 'configparams force-mem-access 0' command is executed.
23:03:08 INFO  : ----------------XSDB Script----------------
connect -url tcp:127.0.0.1:3121
targets -set -nocase -filter {name =~"APU*"}
rst -system
after 3000
targets -set -filter {jtag_cable_name =~ "Digilent Zed 210248782930" && level==0 && jtag_device_ctx=="jsn-Zed-210248782930-23727093-0"}
fpga -file C:/Users/nlitz88/workspace/lab3_part3_design1/_ide/bitstream/design_1_wrapper.bit
targets -set -nocase -filter {name =~"APU*"}
loadhw -hw C:/Users/nlitz88/workspace/zed/export/zed/hw/zed.xsa -mem-ranges [list {0x40000000 0xbfffffff}] -regs
configparams force-mem-access 1
targets -set -nocase -filter {name =~"APU*"}
source C:/Users/nlitz88/workspace/lab3_part3/_ide/psinit/ps7_init.tcl
ps7_init
ps7_post_config
targets -set -nocase -filter {name =~ "*A9*#0"}
dow C:/Users/nlitz88/workspace/lab3_part3/Debug/lab3_part3.elf
configparams force-mem-access 0
----------------End of Script----------------

23:03:08 INFO  : Context for processor 'ps7_cortexa9_0' is selected.
23:03:08 INFO  : 'con' command is executed.
23:03:08 INFO  : ----------------XSDB Script (After Launch)----------------
targets -set -nocase -filter {name =~ "*A9*#0"}
con
----------------End of Script----------------

23:03:08 INFO  : Launch script is exported to file 'C:\Users\nlitz88\workspace\lab3_part3_system\_ide\scripts\systemdebugger_lab3_part3_system_standalone.tcl'
23:05:13 INFO  : Disconnected from the channel tcfchan#18.
23:05:14 INFO  : Connected to target on host '127.0.0.1' and port '3121'.
23:05:14 INFO  : Jtag cable 'Digilent Zed 210248782930' is selected.
23:05:14 INFO  : 'jtag frequency' command is executed.
23:05:14 INFO  : Context for 'APU' is selected.
23:05:14 INFO  : System reset is completed.
23:05:17 INFO  : 'after 3000' command is executed.
23:05:17 INFO  : 'targets -set -filter {jtag_cable_name =~ "Digilent Zed 210248782930" && level==0 && jtag_device_ctx=="jsn-Zed-210248782930-23727093-0"}' command is executed.
23:05:20 INFO  : Device configured successfully with "C:/Users/nlitz88/workspace/lab3_part3_design1/_ide/bitstream/design_1_wrapper.bit"
23:05:20 INFO  : Context for 'APU' is selected.
23:05:20 INFO  : Hardware design and registers information is loaded from 'C:/Users/nlitz88/workspace/zed/export/zed/hw/zed.xsa'.
23:05:20 INFO  : 'configparams force-mem-access 1' command is executed.
23:05:20 INFO  : Context for 'APU' is selected.
23:05:20 INFO  : Sourcing of 'C:/Users/nlitz88/workspace/lab3_part3/_ide/psinit/ps7_init.tcl' is done.
23:05:20 INFO  : 'ps7_init' command is executed.
23:05:20 INFO  : 'ps7_post_config' command is executed.
23:05:20 INFO  : Context for processor 'ps7_cortexa9_0' is selected.
23:05:21 INFO  : The application 'C:/Users/nlitz88/workspace/lab3_part3/Debug/lab3_part3.elf' is downloaded to processor 'ps7_cortexa9_0'.
23:05:21 INFO  : 'configparams force-mem-access 0' command is executed.
23:05:21 INFO  : ----------------XSDB Script----------------
connect -url tcp:127.0.0.1:3121
targets -set -nocase -filter {name =~"APU*"}
rst -system
after 3000
targets -set -filter {jtag_cable_name =~ "Digilent Zed 210248782930" && level==0 && jtag_device_ctx=="jsn-Zed-210248782930-23727093-0"}
fpga -file C:/Users/nlitz88/workspace/lab3_part3_design1/_ide/bitstream/design_1_wrapper.bit
targets -set -nocase -filter {name =~"APU*"}
loadhw -hw C:/Users/nlitz88/workspace/zed/export/zed/hw/zed.xsa -mem-ranges [list {0x40000000 0xbfffffff}] -regs
configparams force-mem-access 1
targets -set -nocase -filter {name =~"APU*"}
source C:/Users/nlitz88/workspace/lab3_part3/_ide/psinit/ps7_init.tcl
ps7_init
ps7_post_config
targets -set -nocase -filter {name =~ "*A9*#0"}
dow C:/Users/nlitz88/workspace/lab3_part3/Debug/lab3_part3.elf
configparams force-mem-access 0
----------------End of Script----------------

23:05:21 INFO  : Context for processor 'ps7_cortexa9_0' is selected.
23:05:21 INFO  : 'con' command is executed.
23:05:21 INFO  : ----------------XSDB Script (After Launch)----------------
targets -set -nocase -filter {name =~ "*A9*#0"}
con
----------------End of Script----------------

23:05:21 INFO  : Launch script is exported to file 'C:\Users\nlitz88\workspace\lab3_part3_system\_ide\scripts\systemdebugger_lab3_part3_system_standalone.tcl'
23:12:37 INFO  : Projects exported to 'C:\Users\nlitz88\OneDrive - The Pennsylvania State University\Spring 2023\CMPEN 417\Labs\Lab 3\lab03_litzinger_mitrik\vitis_export_archive.ide.zip'
23:34:01 INFO  : Disconnected from the channel tcfchan#19.
23:36:52 DEBUG : Logs will be stored at 'C:/Users/nlitz88/OneDrive - The Pennsylvania State University/Spring 2023/CMPEN 417/Labs/Lab 3/cmpen417lab3/lab3_vitus_workspace/IDE.log'.
23:36:54 INFO  : Launching XSCT server: xsct.bat -n  -interactive C:\Users\nlitz88\OneDrive - The Pennsylvania State University\Spring 2023\CMPEN 417\Labs\Lab 3\cmpen417lab3\lab3_vitus_workspace\temp_xsdb_launch_script.tcl
23:36:57 ERROR : Workspace location C:\Users\nlitz88\OneDrive - The Pennsylvania State University\Spring 2023\CMPEN 417\Labs\Lab 3\cmpen417lab3\lab3_vitus_workspace contains spaces. Please switch to a workspace without spaces in its path.
23:37:01 ERROR : (XSDB Server)couldn't read file "C:\Users\nlitz88\OneDrive": permission denied

23:37:01 INFO  : Registering command handlers for Vitis TCF services
23:37:03 INFO  : Platform repository initialization has completed.
