Copyright 1986-2022 Xilinx, Inc. All Rights Reserved.
----------------------------------------------------------------------------------------------------
| Tool Version : Vivado v.2022.2 (win64) Build 3671981 Fri Oct 14 05:00:03 MDT 2022
| Date         : Thu Feb 16 22:06:32 2023
| Host         : DESKTOP-3QMA31G running 64-bit major release  (build 9200)
| Command      : report_control_sets -verbose -file complex_multiplier_v1_0_control_sets_placed.rpt
| Design       : complex_multiplier_v1_0
| Device       : xc7z020
----------------------------------------------------------------------------------------------------

Control Set Information

Table of Contents
-----------------
1. Summary
2. Histogram
3. Flip-Flop Distribution
4. Detailed Control Set Information

1. Summary
----------

+----------------------------------------------------------+-------+
|                          Status                          | Count |
+----------------------------------------------------------+-------+
| Total control sets                                       |    21 |
|    Minimum number of control sets                        |    21 |
|    Addition due to synthesis replication                 |     0 |
|    Addition due to physical synthesis replication        |     0 |
| Unused register locations in slices containing registers |    18 |
+----------------------------------------------------------+-------+
* Control sets can be merged at opt_design using control_set_merge or merge_equivalent_drivers
** Run report_qor_suggestions for automated merging and remapping suggestions


2. Histogram
------------

+--------------------+-------+
|       Fanout       | Count |
+--------------------+-------+
| Total control sets |    21 |
| >= 0 to < 4        |     2 |
| >= 4 to < 6        |     0 |
| >= 6 to < 8        |     1 |
| >= 8 to < 10       |    16 |
| >= 10 to < 12      |     0 |
| >= 12 to < 14      |     0 |
| >= 14 to < 16      |     0 |
| >= 16              |     2 |
+--------------------+-------+
* Control sets can be remapped at either synth_design or opt_design


3. Flip-Flop Distribution
-------------------------

+--------------+-----------------------+------------------------+-----------------+--------------+
| Clock Enable | Synchronous Set/Reset | Asynchronous Set/Reset | Total Registers | Total Slices |
+--------------+-----------------------+------------------------+-----------------+--------------+
| No           | No                    | No                     |              34 |           10 |
| No           | No                    | Yes                    |               0 |            0 |
| No           | Yes                   | No                     |               6 |            3 |
| Yes          | No                    | No                     |               0 |            0 |
| Yes          | No                    | Yes                    |               0 |            0 |
| Yes          | Yes                   | No                     |             166 |           36 |
+--------------+-----------------------+------------------------+-----------------+--------------+


4. Detailed Control Set Information
-----------------------------------

+-------------------------+-----------------------------------------------------------+---------------------------------------------------------+------------------+----------------+--------------+
|       Clock Signal      |                       Enable Signal                       |                     Set/Reset Signal                    | Slice Load Count | Bel Load Count | Bels / Slice |
+-------------------------+-----------------------------------------------------------+---------------------------------------------------------+------------------+----------------+--------------+
|  s00_axi_aclk_IBUF_BUFG | complex_multiplier_v1_0_S00_AXI_inst/axi_awready0         | complex_multiplier_v1_0_S00_AXI_inst/axi_wready_i_1_n_0 |                1 |              3 |         3.00 |
|  s00_axi_aclk_IBUF_BUFG | complex_multiplier_v1_0_S00_AXI_inst/axi_arready0         | complex_multiplier_v1_0_S00_AXI_inst/axi_wready_i_1_n_0 |                2 |              3 |         1.50 |
|  s00_axi_aclk_IBUF_BUFG |                                                           | complex_multiplier_v1_0_S00_AXI_inst/axi_wready_i_1_n_0 |                3 |              6 |         2.00 |
|  s00_axi_aclk_IBUF_BUFG | complex_multiplier_v1_0_S00_AXI_inst/slv_reg3[31]_i_1_n_0 | complex_multiplier_v1_0_S00_AXI_inst/axi_wready_i_1_n_0 |                1 |              8 |         8.00 |
|  s00_axi_aclk_IBUF_BUFG | complex_multiplier_v1_0_S00_AXI_inst/slv_reg3[7]_i_1_n_0  | complex_multiplier_v1_0_S00_AXI_inst/axi_wready_i_1_n_0 |                1 |              8 |         8.00 |
|  s00_axi_aclk_IBUF_BUFG | complex_multiplier_v1_0_S00_AXI_inst/slv_reg3[15]_i_1_n_0 | complex_multiplier_v1_0_S00_AXI_inst/axi_wready_i_1_n_0 |                2 |              8 |         4.00 |
|  s00_axi_aclk_IBUF_BUFG | complex_multiplier_v1_0_S00_AXI_inst/slv_reg3[23]_i_1_n_0 | complex_multiplier_v1_0_S00_AXI_inst/axi_wready_i_1_n_0 |                2 |              8 |         4.00 |
|  s00_axi_aclk_IBUF_BUFG | complex_multiplier_v1_0_S00_AXI_inst/slv_reg4[23]_i_1_n_0 | complex_multiplier_v1_0_S00_AXI_inst/axi_wready_i_1_n_0 |                1 |              8 |         8.00 |
|  s00_axi_aclk_IBUF_BUFG | complex_multiplier_v1_0_S00_AXI_inst/slv_reg5[23]_i_1_n_0 | complex_multiplier_v1_0_S00_AXI_inst/axi_wready_i_1_n_0 |                1 |              8 |         8.00 |
|  s00_axi_aclk_IBUF_BUFG | complex_multiplier_v1_0_S00_AXI_inst/slv_reg5[15]_i_1_n_0 | complex_multiplier_v1_0_S00_AXI_inst/axi_wready_i_1_n_0 |                1 |              8 |         8.00 |
|  s00_axi_aclk_IBUF_BUFG | complex_multiplier_v1_0_S00_AXI_inst/slv_reg4[31]_i_1_n_0 | complex_multiplier_v1_0_S00_AXI_inst/axi_wready_i_1_n_0 |                1 |              8 |         8.00 |
|  s00_axi_aclk_IBUF_BUFG | complex_multiplier_v1_0_S00_AXI_inst/slv_reg4[15]_i_1_n_0 | complex_multiplier_v1_0_S00_AXI_inst/axi_wready_i_1_n_0 |                3 |              8 |         2.67 |
|  s00_axi_aclk_IBUF_BUFG | complex_multiplier_v1_0_S00_AXI_inst/slv_reg4[7]_i_1_n_0  | complex_multiplier_v1_0_S00_AXI_inst/axi_wready_i_1_n_0 |                1 |              8 |         8.00 |
|  s00_axi_aclk_IBUF_BUFG | complex_multiplier_v1_0_S00_AXI_inst/slv_reg5[7]_i_1_n_0  | complex_multiplier_v1_0_S00_AXI_inst/axi_wready_i_1_n_0 |                2 |              8 |         4.00 |
|  s00_axi_aclk_IBUF_BUFG | complex_multiplier_v1_0_S00_AXI_inst/slv_reg5[31]_i_1_n_0 | complex_multiplier_v1_0_S00_AXI_inst/axi_wready_i_1_n_0 |                2 |              8 |         4.00 |
|  s00_axi_aclk_IBUF_BUFG | complex_multiplier_v1_0_S00_AXI_inst/p_1_in[7]            | complex_multiplier_v1_0_S00_AXI_inst/axi_wready_i_1_n_0 |                1 |              8 |         8.00 |
|  s00_axi_aclk_IBUF_BUFG | complex_multiplier_v1_0_S00_AXI_inst/p_1_in[31]           | complex_multiplier_v1_0_S00_AXI_inst/axi_wready_i_1_n_0 |                1 |              8 |         8.00 |
|  s00_axi_aclk_IBUF_BUFG | complex_multiplier_v1_0_S00_AXI_inst/p_1_in[15]           | complex_multiplier_v1_0_S00_AXI_inst/axi_wready_i_1_n_0 |                2 |              8 |         4.00 |
|  s00_axi_aclk_IBUF_BUFG | complex_multiplier_v1_0_S00_AXI_inst/p_1_in[23]           | complex_multiplier_v1_0_S00_AXI_inst/axi_wready_i_1_n_0 |                2 |              8 |         4.00 |
|  s00_axi_aclk_IBUF_BUFG | complex_multiplier_v1_0_S00_AXI_inst/slv_reg_rden__0      | complex_multiplier_v1_0_S00_AXI_inst/axi_wready_i_1_n_0 |                9 |             32 |         3.56 |
|  s00_axi_aclk_IBUF_BUFG |                                                           |                                                         |               10 |             34 |         3.40 |
+-------------------------+-----------------------------------------------------------+---------------------------------------------------------+------------------+----------------+--------------+


