
*** Running vivado
    with args -log complex_multiplier_v1_0.vdi -applog -m64 -product Vivado -messageDb vivado.pb -mode batch -source complex_multiplier_v1_0.tcl -notrace



****** Vivado v2022.2 (64-bit)
  **** SW Build 3671981 on Fri Oct 14 05:00:03 MDT 2022
  **** IP Build 3669848 on Fri Oct 14 08:30:02 MDT 2022
    ** Copyright 1986-2022 Xilinx, Inc. All Rights Reserved.

source complex_multiplier_v1_0.tcl -notrace
create_project: Time (s): cpu = 00:00:06 ; elapsed = 00:00:07 . Memory (MB): peak = 1002.242 ; gain = 118.363
INFO: [IP_Flow 19-234] Refreshing IP repositories
INFO: [IP_Flow 19-1700] Loaded user IP repository 'c:/Users/nlitz88/OneDrive - The Pennsylvania State University/Spring 2023/CMPEN 417/Labs/Lab 3/cmpen417lab3/ip_repo/complex_multiplier_1_0'.
INFO: [IP_Flow 19-2313] Loaded Vivado IP repository 'C:/Xilinx/Vivado/2022.2/data/ip'.
WARNING: [IP_Flow 19-4995] The host OS only allows 260 characters in a normal path. The IP cache path is more than 80 characters. If you experience issues with IP caching, please consider changing the IP cache to a location with a shorter path. Alternately consider using the OS subst command to map part of the path to a drive letter. 
Current IP cache path is C:/Users/nlitz88/OneDrive - The Pennsylvania State University/Spring 2023/CMPEN 417/Labs/Lab 3/cmpen417lab3/ip_repo/edit_complex_multiplier_v1_0.runs/impl_1/{C:/Users/nlitz88/OneDrive - The Pennsylvania State University/Spring 2023/CMPEN 417/Labs/Lab 3/cmpen417lab3/ip_repo/edit_complex_multiplier_v1_0.cache/ip} 
Command: link_design -top complex_multiplier_v1_0 -part xc7z020clg484-1
Design is defaulting to srcset: sources_1
Design is defaulting to constrset: constrs_1
INFO: [Device 21-403] Loading part xc7z020clg484-1
Netlist sorting complete. Time (s): cpu = 00:00:00 ; elapsed = 00:00:00.006 . Memory (MB): peak = 1444.082 ; gain = 0.000
INFO: [Netlist 29-17] Analyzing 14 Unisim elements for replacement
INFO: [Netlist 29-28] Unisim Transformation completed in 0 CPU seconds
INFO: [Project 1-479] Netlist was created with Vivado 2022.2
INFO: [Project 1-570] Preparing netlist for logic optimization
Netlist sorting complete. Time (s): cpu = 00:00:00 ; elapsed = 00:00:00 . Memory (MB): peak = 1537.676 ; gain = 0.000
INFO: [Project 1-111] Unisim Transformation Summary:
No Unisim elements were transformed.

9 Infos, 1 Warnings, 0 Critical Warnings and 0 Errors encountered.
link_design completed successfully
link_design: Time (s): cpu = 00:00:08 ; elapsed = 00:00:10 . Memory (MB): peak = 1537.676 ; gain = 507.809
Command: opt_design
Attempting to get a license for feature 'Implementation' and/or device 'xc7z020'
INFO: [Common 17-349] Got license for feature 'Implementation' and/or device 'xc7z020'
Running DRC as a precondition to command opt_design

Starting DRC Task
INFO: [DRC 23-27] Running DRC with 2 threads
INFO: [Project 1-461] DRC finished with 0 Errors
INFO: [Project 1-462] Please refer to the DRC report (report_drc) for more information.

Time (s): cpu = 00:00:04 ; elapsed = 00:00:02 . Memory (MB): peak = 1590.492 ; gain = 52.816

Starting Cache Timing Information Task
INFO: [Timing 38-35] Done setting XDC timing constraints.
Ending Cache Timing Information Task | Checksum: 1884f855e

Time (s): cpu = 00:00:12 ; elapsed = 00:00:14 . Memory (MB): peak = 2080.918 ; gain = 490.426

Starting Logic Optimization Task

Phase 1 Retarget
INFO: [Opt 31-138] Pushed 0 inverter(s) to 0 load pin(s).
INFO: [Opt 31-49] Retargeted 0 cell(s).
Phase 1 Retarget | Checksum: 1884f855e

Time (s): cpu = 00:00:00 ; elapsed = 00:00:00.211 . Memory (MB): peak = 2419.516 ; gain = 0.000
INFO: [Opt 31-389] Phase Retarget created 0 cells and removed 0 cells

Phase 2 Constant propagation
INFO: [Opt 31-138] Pushed 0 inverter(s) to 0 load pin(s).
Phase 2 Constant propagation | Checksum: 1884f855e

Time (s): cpu = 00:00:00 ; elapsed = 00:00:00.226 . Memory (MB): peak = 2419.516 ; gain = 0.000
INFO: [Opt 31-389] Phase Constant propagation created 0 cells and removed 0 cells

Phase 3 Sweep
Phase 3 Sweep | Checksum: 107a08259

Time (s): cpu = 00:00:00 ; elapsed = 00:00:00.262 . Memory (MB): peak = 2419.516 ; gain = 0.000
INFO: [Opt 31-389] Phase Sweep created 0 cells and removed 0 cells

Phase 4 BUFG optimization
Phase 4 BUFG optimization | Checksum: 107a08259

Time (s): cpu = 00:00:00 ; elapsed = 00:00:00.348 . Memory (MB): peak = 2419.516 ; gain = 0.000
INFO: [Opt 31-662] Phase BUFG optimization created 0 cells of which 0 are BUFGs and removed 0 cells.

Phase 5 Shift Register Optimization
INFO: [Opt 31-1064] SRL Remap converted 0 SRLs to 0 registers and converted 0 registers of register chains to 0 SRLs
Phase 5 Shift Register Optimization | Checksum: 107a08259

Time (s): cpu = 00:00:00 ; elapsed = 00:00:00.353 . Memory (MB): peak = 2419.516 ; gain = 0.000
INFO: [Opt 31-389] Phase Shift Register Optimization created 0 cells and removed 0 cells

Phase 6 Post Processing Netlist
Phase 6 Post Processing Netlist | Checksum: 107a08259

Time (s): cpu = 00:00:00 ; elapsed = 00:00:00.367 . Memory (MB): peak = 2419.516 ; gain = 0.000
INFO: [Opt 31-389] Phase Post Processing Netlist created 0 cells and removed 0 cells
Opt_design Change Summary
=========================


-------------------------------------------------------------------------------------------------------------------------
|  Phase                        |  #Cells created  |  #Cells Removed  |  #Constrained objects preventing optimizations  |
-------------------------------------------------------------------------------------------------------------------------
|  Retarget                     |               0  |               0  |                                              0  |
|  Constant propagation         |               0  |               0  |                                              0  |
|  Sweep                        |               0  |               0  |                                              0  |
|  BUFG optimization            |               0  |               0  |                                              0  |
|  Shift Register Optimization  |               0  |               0  |                                              0  |
|  Post Processing Netlist      |               0  |               0  |                                              0  |
-------------------------------------------------------------------------------------------------------------------------



Starting Connectivity Check Task

Time (s): cpu = 00:00:00 ; elapsed = 00:00:00.004 . Memory (MB): peak = 2419.516 ; gain = 0.000
Ending Logic Optimization Task | Checksum: e8dac550

Time (s): cpu = 00:00:00 ; elapsed = 00:00:00.421 . Memory (MB): peak = 2419.516 ; gain = 0.000

Starting Power Optimization Task
INFO: [Pwropt 34-132] Skipping clock gating for clocks with a period < 2.00 ns.
Ending Power Optimization Task | Checksum: e8dac550

Time (s): cpu = 00:00:00 ; elapsed = 00:00:00.033 . Memory (MB): peak = 2419.516 ; gain = 0.000

Starting Final Cleanup Task
Ending Final Cleanup Task | Checksum: e8dac550

Time (s): cpu = 00:00:00 ; elapsed = 00:00:00 . Memory (MB): peak = 2419.516 ; gain = 0.000

Starting Netlist Obfuscation Task
Netlist sorting complete. Time (s): cpu = 00:00:00 ; elapsed = 00:00:00 . Memory (MB): peak = 2419.516 ; gain = 0.000
Ending Netlist Obfuscation Task | Checksum: e8dac550

Time (s): cpu = 00:00:00 ; elapsed = 00:00:00.001 . Memory (MB): peak = 2419.516 ; gain = 0.000
INFO: [Common 17-83] Releasing license: Implementation
26 Infos, 1 Warnings, 0 Critical Warnings and 0 Errors encountered.
opt_design completed successfully
opt_design: Time (s): cpu = 00:00:23 ; elapsed = 00:00:23 . Memory (MB): peak = 2419.516 ; gain = 881.840
INFO: [Common 17-1381] The checkpoint 'C:/Users/nlitz88/OneDrive - The Pennsylvania State University/Spring 2023/CMPEN 417/Labs/Lab 3/cmpen417lab3/ip_repo/edit_complex_multiplier_v1_0.runs/impl_1/complex_multiplier_v1_0_opt.dcp' has been generated.
INFO: [runtcl-4] Executing : report_drc -file complex_multiplier_v1_0_drc_opted.rpt -pb complex_multiplier_v1_0_drc_opted.pb -rpx complex_multiplier_v1_0_drc_opted.rpx
Command: report_drc -file complex_multiplier_v1_0_drc_opted.rpt -pb complex_multiplier_v1_0_drc_opted.pb -rpx complex_multiplier_v1_0_drc_opted.rpx
INFO: [IP_Flow 19-1839] IP Catalog is up to date.
INFO: [DRC 23-27] Running DRC with 2 threads
INFO: [Vivado_Tcl 2-168] The results of DRC are in file C:/Users/nlitz88/OneDrive - The Pennsylvania State University/Spring 2023/CMPEN 417/Labs/Lab 3/cmpen417lab3/ip_repo/edit_complex_multiplier_v1_0.runs/impl_1/complex_multiplier_v1_0_drc_opted.rpt.
report_drc completed successfully
report_drc: Time (s): cpu = 00:00:06 ; elapsed = 00:00:05 . Memory (MB): peak = 2419.516 ; gain = 0.000
Command: place_design
Attempting to get a license for feature 'Implementation' and/or device 'xc7z020'
INFO: [Common 17-349] Got license for feature 'Implementation' and/or device 'xc7z020'
INFO: [DRC 23-27] Running DRC with 2 threads
INFO: [Vivado_Tcl 4-198] DRC finished with 0 Errors
INFO: [Vivado_Tcl 4-199] Please refer to the DRC report (report_drc) for more information.
Running DRC as a precondition to command place_design
INFO: [DRC 23-27] Running DRC with 2 threads
INFO: [Vivado_Tcl 4-198] DRC finished with 0 Errors
INFO: [Vivado_Tcl 4-199] Please refer to the DRC report (report_drc) for more information.

Starting Placer Task
INFO: [Place 30-611] Multithreading enabled for place_design using a maximum of 2 CPUs

Phase 1 Placer Initialization

Phase 1.1 Placer Initialization Netlist Sorting
Netlist sorting complete. Time (s): cpu = 00:00:00 ; elapsed = 00:00:00.001 . Memory (MB): peak = 2419.516 ; gain = 0.000
Phase 1.1 Placer Initialization Netlist Sorting | Checksum: 19ebd9b0

Time (s): cpu = 00:00:00 ; elapsed = 00:00:00.022 . Memory (MB): peak = 2419.516 ; gain = 0.000
Netlist sorting complete. Time (s): cpu = 00:00:00 ; elapsed = 00:00:00 . Memory (MB): peak = 2419.516 ; gain = 0.000

Phase 1.2 IO Placement/ Clock Placement/ Build Placer Device
INFO: [Timing 38-35] Done setting XDC timing constraints.
Phase 1.2 IO Placement/ Clock Placement/ Build Placer Device | Checksum: 1f911b15a

Time (s): cpu = 00:00:02 ; elapsed = 00:00:01 . Memory (MB): peak = 2419.516 ; gain = 0.000

Phase 1.3 Build Placer Netlist Model
Phase 1.3 Build Placer Netlist Model | Checksum: 204199e6b

Time (s): cpu = 00:00:02 ; elapsed = 00:00:01 . Memory (MB): peak = 2419.516 ; gain = 0.000

Phase 1.4 Constrain Clocks/Macros
Phase 1.4 Constrain Clocks/Macros | Checksum: 204199e6b

Time (s): cpu = 00:00:02 ; elapsed = 00:00:01 . Memory (MB): peak = 2419.516 ; gain = 0.000
Phase 1 Placer Initialization | Checksum: 204199e6b

Time (s): cpu = 00:00:02 ; elapsed = 00:00:01 . Memory (MB): peak = 2419.516 ; gain = 0.000

Phase 2 Global Placement

Phase 2.1 Floorplanning
Phase 2.1 Floorplanning | Checksum: 204199e6b

Time (s): cpu = 00:00:02 ; elapsed = 00:00:01 . Memory (MB): peak = 2419.516 ; gain = 0.000

Phase 2.2 Update Timing before SLR Path Opt
Phase 2.2 Update Timing before SLR Path Opt | Checksum: 204199e6b

Time (s): cpu = 00:00:02 ; elapsed = 00:00:01 . Memory (MB): peak = 2419.516 ; gain = 0.000

Phase 2.3 Post-Processing in Floorplanning
Phase 2.3 Post-Processing in Floorplanning | Checksum: 204199e6b

Time (s): cpu = 00:00:02 ; elapsed = 00:00:01 . Memory (MB): peak = 2419.516 ; gain = 0.000

Phase 2.4 Global Placement Core
WARNING: [Place 46-29] Timing had been disabled during Placer and, therefore, physical synthesis in Placer will be skipped.
Phase 2.4 Global Placement Core | Checksum: 1569b8d41

Time (s): cpu = 00:00:06 ; elapsed = 00:00:03 . Memory (MB): peak = 2419.516 ; gain = 0.000
Phase 2 Global Placement | Checksum: 1569b8d41

Time (s): cpu = 00:00:06 ; elapsed = 00:00:03 . Memory (MB): peak = 2419.516 ; gain = 0.000

Phase 3 Detail Placement

Phase 3.1 Commit Multi Column Macros
Phase 3.1 Commit Multi Column Macros | Checksum: 1569b8d41

Time (s): cpu = 00:00:06 ; elapsed = 00:00:03 . Memory (MB): peak = 2419.516 ; gain = 0.000

Phase 3.2 Commit Most Macros & LUTRAMs
Phase 3.2 Commit Most Macros & LUTRAMs | Checksum: 140006c8b

Time (s): cpu = 00:00:06 ; elapsed = 00:00:03 . Memory (MB): peak = 2419.516 ; gain = 0.000

Phase 3.3 Area Swap Optimization
Phase 3.3 Area Swap Optimization | Checksum: 1c4545f0f

Time (s): cpu = 00:00:06 ; elapsed = 00:00:03 . Memory (MB): peak = 2419.516 ; gain = 0.000

Phase 3.4 Pipeline Register Optimization
Phase 3.4 Pipeline Register Optimization | Checksum: 1c4545f0f

Time (s): cpu = 00:00:06 ; elapsed = 00:00:03 . Memory (MB): peak = 2419.516 ; gain = 0.000

Phase 3.5 Small Shape Detail Placement
Phase 3.5 Small Shape Detail Placement | Checksum: 24a659963

Time (s): cpu = 00:00:06 ; elapsed = 00:00:04 . Memory (MB): peak = 2419.516 ; gain = 0.000

Phase 3.6 Re-assign LUT pins
Phase 3.6 Re-assign LUT pins | Checksum: 24a659963

Time (s): cpu = 00:00:06 ; elapsed = 00:00:04 . Memory (MB): peak = 2419.516 ; gain = 0.000

Phase 3.7 Pipeline Register Optimization
Phase 3.7 Pipeline Register Optimization | Checksum: 24a659963

Time (s): cpu = 00:00:06 ; elapsed = 00:00:04 . Memory (MB): peak = 2419.516 ; gain = 0.000
Phase 3 Detail Placement | Checksum: 24a659963

Time (s): cpu = 00:00:06 ; elapsed = 00:00:04 . Memory (MB): peak = 2419.516 ; gain = 0.000

Phase 4 Post Placement Optimization and Clean-Up

Phase 4.1 Post Commit Optimization
Phase 4.1 Post Commit Optimization | Checksum: 24a659963

Time (s): cpu = 00:00:07 ; elapsed = 00:00:04 . Memory (MB): peak = 2419.516 ; gain = 0.000

Phase 4.2 Post Placement Cleanup
Phase 4.2 Post Placement Cleanup | Checksum: 24a659963

Time (s): cpu = 00:00:07 ; elapsed = 00:00:04 . Memory (MB): peak = 2419.516 ; gain = 0.000

Phase 4.3 Placer Reporting

Phase 4.3.1 Print Estimated Congestion
INFO: [Place 30-612] Post-Placement Estimated Congestion 
 ____________________________________________________
|           | Global Congestion | Short Congestion  |
| Direction | Region Size       | Region Size       |
|___________|___________________|___________________|
|      North|                1x1|                2x2|
|___________|___________________|___________________|
|      South|                1x1|                1x1|
|___________|___________________|___________________|
|       East|                1x1|                1x1|
|___________|___________________|___________________|
|       West|                1x1|                1x1|
|___________|___________________|___________________|

Phase 4.3.1 Print Estimated Congestion | Checksum: 24a659963

Time (s): cpu = 00:00:07 ; elapsed = 00:00:04 . Memory (MB): peak = 2419.516 ; gain = 0.000
Phase 4.3 Placer Reporting | Checksum: 24a659963

Time (s): cpu = 00:00:07 ; elapsed = 00:00:04 . Memory (MB): peak = 2419.516 ; gain = 0.000

Phase 4.4 Final Placement Cleanup
Netlist sorting complete. Time (s): cpu = 00:00:00 ; elapsed = 00:00:00.001 . Memory (MB): peak = 2419.516 ; gain = 0.000

Time (s): cpu = 00:00:07 ; elapsed = 00:00:04 . Memory (MB): peak = 2419.516 ; gain = 0.000
Phase 4 Post Placement Optimization and Clean-Up | Checksum: 164bc4c8c

Time (s): cpu = 00:00:07 ; elapsed = 00:00:04 . Memory (MB): peak = 2419.516 ; gain = 0.000
Ending Placer Task | Checksum: 106fd1485

Time (s): cpu = 00:00:07 ; elapsed = 00:00:04 . Memory (MB): peak = 2419.516 ; gain = 0.000
INFO: [Common 17-83] Releasing license: Implementation
42 Infos, 2 Warnings, 0 Critical Warnings and 0 Errors encountered.
place_design completed successfully
place_design: Time (s): cpu = 00:00:09 ; elapsed = 00:00:05 . Memory (MB): peak = 2419.516 ; gain = 0.000
Writing XDEF routing.
Writing XDEF routing logical nets.
Writing XDEF routing special nets.
Write XDEF Complete: Time (s): cpu = 00:00:00 ; elapsed = 00:00:00.297 . Memory (MB): peak = 2424.586 ; gain = 5.070
INFO: [Common 17-1381] The checkpoint 'C:/Users/nlitz88/OneDrive - The Pennsylvania State University/Spring 2023/CMPEN 417/Labs/Lab 3/cmpen417lab3/ip_repo/edit_complex_multiplier_v1_0.runs/impl_1/complex_multiplier_v1_0_placed.dcp' has been generated.
INFO: [runtcl-4] Executing : report_io -file complex_multiplier_v1_0_io_placed.rpt
report_io: Time (s): cpu = 00:00:00 ; elapsed = 00:00:00.167 . Memory (MB): peak = 2424.586 ; gain = 0.000
INFO: [runtcl-4] Executing : report_utilization -file complex_multiplier_v1_0_utilization_placed.rpt -pb complex_multiplier_v1_0_utilization_placed.pb
INFO: [runtcl-4] Executing : report_control_sets -verbose -file complex_multiplier_v1_0_control_sets_placed.rpt
report_control_sets: Time (s): cpu = 00:00:00 ; elapsed = 00:00:00.006 . Memory (MB): peak = 2424.586 ; gain = 0.000
Command: phys_opt_design
Attempting to get a license for feature 'Implementation' and/or device 'xc7z020'
INFO: [Common 17-349] Got license for feature 'Implementation' and/or device 'xc7z020'

Starting Initial Update Timing Task

Time (s): cpu = 00:00:00 ; elapsed = 00:00:00.073 . Memory (MB): peak = 2424.586 ; gain = 0.000
INFO: [Vivado_Tcl 4-235] No timing constraint found. The netlist was not modified.
INFO: [Common 17-83] Releasing license: Implementation
49 Infos, 2 Warnings, 0 Critical Warnings and 0 Errors encountered.
phys_opt_design completed successfully
Writing XDEF routing.
Writing XDEF routing logical nets.
Writing XDEF routing special nets.
Write XDEF Complete: Time (s): cpu = 00:00:00 ; elapsed = 00:00:00.214 . Memory (MB): peak = 2439.340 ; gain = 14.754
INFO: [Common 17-1381] The checkpoint 'C:/Users/nlitz88/OneDrive - The Pennsylvania State University/Spring 2023/CMPEN 417/Labs/Lab 3/cmpen417lab3/ip_repo/edit_complex_multiplier_v1_0.runs/impl_1/complex_multiplier_v1_0_physopt.dcp' has been generated.
Command: route_design
Attempting to get a license for feature 'Implementation' and/or device 'xc7z020'
INFO: [Common 17-349] Got license for feature 'Implementation' and/or device 'xc7z020'
Running DRC as a precondition to command route_design
INFO: [DRC 23-27] Running DRC with 2 threads
INFO: [Vivado_Tcl 4-198] DRC finished with 0 Errors
INFO: [Vivado_Tcl 4-199] Please refer to the DRC report (report_drc) for more information.


Starting Routing Task
INFO: [Route 35-254] Multithreading enabled for route_design using a maximum of 2 CPUs

Phase 1 Build RT Design
Checksum: PlaceDB: ed113ad5 ConstDB: 0 ShapeSum: 19ebd9b0 RouteDB: 0
Post Restoration Checksum: NetGraph: f23c80a NumContArr: 6277ca8a Constraints: 0 Timing: 0
Phase 1 Build RT Design | Checksum: 719b9294

Time (s): cpu = 00:00:56 ; elapsed = 00:00:49 . Memory (MB): peak = 2537.020 ; gain = 88.582

Phase 2 Router Initialization
INFO: [Route 35-64] No timing constraints were detected. The router will operate in resource-optimization mode.

Phase 2.1 Fix Topology Constraints
Phase 2.1 Fix Topology Constraints | Checksum: 719b9294

Time (s): cpu = 00:00:56 ; elapsed = 00:00:49 . Memory (MB): peak = 2543.648 ; gain = 95.211

Phase 2.2 Pre Route Cleanup
Phase 2.2 Pre Route Cleanup | Checksum: 719b9294

Time (s): cpu = 00:00:56 ; elapsed = 00:00:49 . Memory (MB): peak = 2543.648 ; gain = 95.211
 Number of Nodes with overlaps = 0

Router Utilization Summary
  Global Vertical Routing Utilization    = 0 %
  Global Horizontal Routing Utilization  = 0 %
  Routable Net Status*
  *Does not include unroutable nets such as driverless and loadless.
  Run report_route_status for detailed report.
  Number of Failed Nets               = 380
    (Failed Nets is the sum of unrouted and partially routed nets)
  Number of Unrouted Nets             = 380
  Number of Partially Routed Nets     = 0
  Number of Node Overlaps             = 0

Phase 2 Router Initialization | Checksum: 9c0a2316

Time (s): cpu = 00:00:57 ; elapsed = 00:00:50 . Memory (MB): peak = 2557.754 ; gain = 109.316

Phase 3 Initial Routing

Phase 3.1 Global Routing
Phase 3.1 Global Routing | Checksum: 9c0a2316

Time (s): cpu = 00:00:57 ; elapsed = 00:00:50 . Memory (MB): peak = 2557.754 ; gain = 109.316
Phase 3 Initial Routing | Checksum: 11fac6e89

Time (s): cpu = 00:00:57 ; elapsed = 00:00:50 . Memory (MB): peak = 2557.754 ; gain = 109.316

Phase 4 Rip-up And Reroute

Phase 4.1 Global Iteration 0
 Number of Nodes with overlaps = 27
 Number of Nodes with overlaps = 0
Phase 4.1 Global Iteration 0 | Checksum: fe870083

Time (s): cpu = 00:00:58 ; elapsed = 00:00:50 . Memory (MB): peak = 2557.754 ; gain = 109.316
Phase 4 Rip-up And Reroute | Checksum: fe870083

Time (s): cpu = 00:00:58 ; elapsed = 00:00:50 . Memory (MB): peak = 2557.754 ; gain = 109.316

Phase 5 Delay and Skew Optimization
Phase 5 Delay and Skew Optimization | Checksum: fe870083

Time (s): cpu = 00:00:58 ; elapsed = 00:00:50 . Memory (MB): peak = 2557.754 ; gain = 109.316

Phase 6 Post Hold Fix

Phase 6.1 Hold Fix Iter
Phase 6.1 Hold Fix Iter | Checksum: fe870083

Time (s): cpu = 00:00:58 ; elapsed = 00:00:50 . Memory (MB): peak = 2557.754 ; gain = 109.316
Phase 6 Post Hold Fix | Checksum: fe870083

Time (s): cpu = 00:00:58 ; elapsed = 00:00:50 . Memory (MB): peak = 2557.754 ; gain = 109.316

Phase 7 Route finalize

Router Utilization Summary
  Global Vertical Routing Utilization    = 0.197732 %
  Global Horizontal Routing Utilization  = 0.099645 %
  Routable Net Status*
  *Does not include unroutable nets such as driverless and loadless.
  Run report_route_status for detailed report.
  Number of Failed Nets               = 0
    (Failed Nets is the sum of unrouted and partially routed nets)
  Number of Unrouted Nets             = 0
  Number of Partially Routed Nets     = 0
  Number of Node Overlaps             = 0

Congestion Report
North Dir 1x1 Area, Max Cong = 22.5225%, No Congested Regions.
South Dir 1x1 Area, Max Cong = 45.045%, No Congested Regions.
East Dir 1x1 Area, Max Cong = 26.4706%, No Congested Regions.
West Dir 1x1 Area, Max Cong = 41.1765%, No Congested Regions.

------------------------------
Reporting congestion hotspots
------------------------------
Direction: North
----------------
Congested clusters found at Level 0
Effective congestion level: 0 Aspect Ratio: 1 Sparse Ratio: 0
Direction: South
----------------
Congested clusters found at Level 0
Effective congestion level: 0 Aspect Ratio: 1 Sparse Ratio: 0
Direction: East
----------------
Congested clusters found at Level 0
Effective congestion level: 0 Aspect Ratio: 1 Sparse Ratio: 0
Direction: West
----------------
Congested clusters found at Level 0
Effective congestion level: 0 Aspect Ratio: 1 Sparse Ratio: 0

Phase 7 Route finalize | Checksum: fe870083

Time (s): cpu = 00:00:58 ; elapsed = 00:00:51 . Memory (MB): peak = 2557.754 ; gain = 109.316

Phase 8 Verifying routed nets

 Verification completed successfully
Phase 8 Verifying routed nets | Checksum: fe870083

Time (s): cpu = 00:00:58 ; elapsed = 00:00:51 . Memory (MB): peak = 2557.754 ; gain = 109.316

Phase 9 Depositing Routes
Phase 9 Depositing Routes | Checksum: 15de50e63

Time (s): cpu = 00:00:58 ; elapsed = 00:00:51 . Memory (MB): peak = 2557.754 ; gain = 109.316
INFO: [Route 35-16] Router Completed Successfully

Time (s): cpu = 00:00:58 ; elapsed = 00:00:51 . Memory (MB): peak = 2557.754 ; gain = 109.316

Routing Is Done.
INFO: [Common 17-83] Releasing license: Implementation
58 Infos, 2 Warnings, 0 Critical Warnings and 0 Errors encountered.
route_design completed successfully
route_design: Time (s): cpu = 00:01:02 ; elapsed = 00:00:53 . Memory (MB): peak = 2557.754 ; gain = 118.414
Writing XDEF routing.
Writing XDEF routing logical nets.
Writing XDEF routing special nets.
Write XDEF Complete: Time (s): cpu = 00:00:00 ; elapsed = 00:00:00.133 . Memory (MB): peak = 2567.402 ; gain = 9.648
INFO: [Common 17-1381] The checkpoint 'C:/Users/nlitz88/OneDrive - The Pennsylvania State University/Spring 2023/CMPEN 417/Labs/Lab 3/cmpen417lab3/ip_repo/edit_complex_multiplier_v1_0.runs/impl_1/complex_multiplier_v1_0_routed.dcp' has been generated.
INFO: [runtcl-4] Executing : report_drc -file complex_multiplier_v1_0_drc_routed.rpt -pb complex_multiplier_v1_0_drc_routed.pb -rpx complex_multiplier_v1_0_drc_routed.rpx
Command: report_drc -file complex_multiplier_v1_0_drc_routed.rpt -pb complex_multiplier_v1_0_drc_routed.pb -rpx complex_multiplier_v1_0_drc_routed.rpx
INFO: [IP_Flow 19-1839] IP Catalog is up to date.
INFO: [DRC 23-27] Running DRC with 2 threads
INFO: [Vivado_Tcl 2-168] The results of DRC are in file C:/Users/nlitz88/OneDrive - The Pennsylvania State University/Spring 2023/CMPEN 417/Labs/Lab 3/cmpen417lab3/ip_repo/edit_complex_multiplier_v1_0.runs/impl_1/complex_multiplier_v1_0_drc_routed.rpt.
report_drc completed successfully
INFO: [runtcl-4] Executing : report_methodology -file complex_multiplier_v1_0_methodology_drc_routed.rpt -pb complex_multiplier_v1_0_methodology_drc_routed.pb -rpx complex_multiplier_v1_0_methodology_drc_routed.rpx
Command: report_methodology -file complex_multiplier_v1_0_methodology_drc_routed.rpt -pb complex_multiplier_v1_0_methodology_drc_routed.pb -rpx complex_multiplier_v1_0_methodology_drc_routed.rpx
INFO: [Timing 38-35] Done setting XDC timing constraints.
INFO: [DRC 23-133] Running Methodology with 2 threads
INFO: [Vivado_Tcl 2-1520] The results of Report Methodology are in file C:/Users/nlitz88/OneDrive - The Pennsylvania State University/Spring 2023/CMPEN 417/Labs/Lab 3/cmpen417lab3/ip_repo/edit_complex_multiplier_v1_0.runs/impl_1/complex_multiplier_v1_0_methodology_drc_routed.rpt.
report_methodology completed successfully
INFO: [runtcl-4] Executing : report_power -file complex_multiplier_v1_0_power_routed.rpt -pb complex_multiplier_v1_0_power_summary_routed.pb -rpx complex_multiplier_v1_0_power_routed.rpx
Command: report_power -file complex_multiplier_v1_0_power_routed.rpt -pb complex_multiplier_v1_0_power_summary_routed.pb -rpx complex_multiplier_v1_0_power_routed.rpx
INFO: [Timing 38-35] Done setting XDC timing constraints.
WARNING: [Power 33-232] No user defined clocks were found in the design! Power estimation will be inaccurate until this is corrected.
Resolution: Please specify clocks using create_clock/create_generated_clock for sequential elements. For pure combinatorial circuits, please specify a virtual clock, otherwise the vectorless estimation might be inaccurate
Running Vector-less Activity Propagation...

Finished Running Vector-less Activity Propagation
69 Infos, 3 Warnings, 0 Critical Warnings and 0 Errors encountered.
report_power completed successfully
INFO: [runtcl-4] Executing : report_route_status -file complex_multiplier_v1_0_route_status.rpt -pb complex_multiplier_v1_0_route_status.pb
INFO: [runtcl-4] Executing : report_timing_summary -max_paths 10 -report_unconstrained -file complex_multiplier_v1_0_timing_summary_routed.rpt -pb complex_multiplier_v1_0_timing_summary_routed.pb -rpx complex_multiplier_v1_0_timing_summary_routed.rpx -warn_on_violation 
INFO: [Timing 38-91] UpdateTimingParams: Speed grade: -1, Delay Type: min_max.
INFO: [Timing 38-191] Multithreading enabled for timing update using a maximum of 2 CPUs
WARNING: [Timing 38-313] There are no user specified timing constraints. Timing constraints are needed for proper timing analysis.
INFO: [runtcl-4] Executing : report_incremental_reuse -file complex_multiplier_v1_0_incremental_reuse_routed.rpt
INFO: [Vivado_Tcl 4-1062] Incremental flow is disabled. No incremental reuse Info to report.
INFO: [runtcl-4] Executing : report_clock_utilization -file complex_multiplier_v1_0_clock_utilization_routed.rpt
INFO: [runtcl-4] Executing : report_bus_skew -warn_on_violation -file complex_multiplier_v1_0_bus_skew_routed.rpt -pb complex_multiplier_v1_0_bus_skew_routed.pb -rpx complex_multiplier_v1_0_bus_skew_routed.rpx
INFO: [Timing 38-91] UpdateTimingParams: Speed grade: -1, Delay Type: min_max.
INFO: [Timing 38-191] Multithreading enabled for timing update using a maximum of 2 CPUs
INFO: [Common 17-206] Exiting Vivado at Thu Feb 16 22:07:32 2023...
